{
"/Users/marcuslongmuir/Documents/workspace/FieldVal/fieldval-basicval-js/src/BasicVal.js":{"path":"/Users/marcuslongmuir/Documents/workspace/FieldVal/fieldval-basicval-js/src/BasicVal.js","s":{"1":1,"2":1,"3":1,"4":1,"5":1,"6":1,"7":1,"8":0,"9":1,"10":1,"11":0,"12":0,"13":0,"14":1,"15":0,"16":0,"17":0,"18":0,"19":0,"20":0,"21":0,"22":0,"23":0,"24":0,"25":0,"26":41,"27":1,"28":40,"29":36,"30":40,"31":41,"32":21,"33":0,"34":2,"35":0,"36":3,"37":0,"38":15,"39":15,"40":15,"41":15,"42":15,"43":15,"44":15,"45":2,"46":13,"47":13,"48":13,"49":0,"50":0,"51":0,"52":15,"53":15,"54":15,"55":0,"56":0,"57":0,"58":0,"59":0,"60":0,"61":0,"62":0,"63":3,"64":3,"65":1,"66":3,"67":1,"68":1,"69":2,"70":0,"71":0,"72":0,"73":0,"74":0,"75":0,"76":0,"77":3,"78":3,"79":1,"80":3,"81":1,"82":1,"83":2,"84":3,"85":3,"86":1,"87":3,"88":1,"89":1,"90":2,"91":0,"92":0,"93":0,"94":0,"95":0,"96":0,"97":0,"98":0,"99":0,"100":0,"101":0,"102":0,"103":0,"104":0,"105":0,"106":0,"107":0,"108":0,"109":0,"110":0,"111":0,"112":0,"113":0,"114":0,"115":0,"116":0,"117":0,"118":0,"119":0,"120":0,"121":0,"122":0,"123":0,"124":0,"125":0,"126":0,"127":0,"128":0,"129":0,"130":0,"131":0,"132":0,"133":0,"134":0,"135":0,"136":0,"137":0,"138":0,"139":0,"140":0,"141":0,"142":0,"143":0,"144":0,"145":2,"146":2,"147":2,"148":10,"149":10,"150":10,"151":1,"152":2,"153":2,"154":1,"155":2,"156":1,"157":1,"158":1,"159":2,"160":2,"161":2,"162":1,"163":2,"164":1,"165":1,"166":1,"167":8,"168":8,"169":8,"170":0,"171":8,"172":0,"173":0,"174":8,"175":1,"176":1,"177":1,"178":1},"b":{"1":[1,0],"2":[1,0],"3":[0,0],"4":[0,0],"5":[1,40],"6":[36,4],"7":[15,0],"8":[2,13],"9":[13,0],"10":[13,13],"11":[0,13],"12":[0,0],"13":[0,0],"14":[15,0],"15":[0,0],"16":[0,0],"17":[1,2],"18":[1,2],"19":[0,0],"20":[0,0],"21":[1,2],"22":[1,2],"23":[1,2],"24":[1,2],"25":[0,0],"26":[0,0],"27":[0,0],"28":[0,0],"29":[0,0],"30":[0,0],"31":[0,0],"32":[0,0],"33":[0,0],"34":[0,0],"35":[0,0],"36":[0,0],"37":[0,0],"38":[0,0],"39":[0,0],"40":[0,0],"41":[0,0],"42":[0,0],"43":[1,9],"44":[1,1],"45":[1,1],"46":[1,1],"47":[1,1],"48":[0,8],"49":[0,8],"50":[1,0]},"f":{"1":1,"2":0,"3":1,"4":1,"5":0,"6":0,"7":0,"8":1,"9":0,"10":0,"11":0,"12":0,"13":0,"14":0,"15":41,"16":21,"17":0,"18":2,"19":0,"20":3,"21":0,"22":15,"23":15,"24":0,"25":0,"26":3,"27":3,"28":0,"29":0,"30":3,"31":3,"32":3,"33":3,"34":0,"35":0,"36":0,"37":0,"38":0,"39":0,"40":0,"41":0,"42":0,"43":0,"44":2,"45":2,"46":2,"47":2,"48":8,"49":8},"fnMap":{"1":{"name":"(anonymous_1)","line":11,"loc":{"start":{"line":11,"column":19},"end":{"line":11,"column":37}}},"2":{"name":"(anonymous_2)","line":17,"loc":{"start":{"line":17,"column":18},"end":{"line":17,"column":36}}},"3":{"name":"(anonymous_3)","line":23,"loc":{"start":{"line":23,"column":19},"end":{"line":23,"column":37}}},"4":{"name":"(anonymous_4)","line":29,"loc":{"start":{"line":29,"column":19},"end":{"line":29,"column":37}}},"5":{"name":"(anonymous_5)","line":35,"loc":{"start":{"line":35,"column":21},"end":{"line":35,"column":32}}},"6":{"name":"(anonymous_6)","line":41,"loc":{"start":{"line":41,"column":25},"end":{"line":41,"column":36}}},"7":{"name":"(anonymous_7)","line":47,"loc":{"start":{"line":47,"column":19},"end":{"line":47,"column":36}}},"8":{"name":"(anonymous_8)","line":53,"loc":{"start":{"line":53,"column":23},"end":{"line":53,"column":34}}},"9":{"name":"(anonymous_9)","line":59,"loc":{"start":{"line":59,"column":21},"end":{"line":59,"column":32}}},"10":{"name":"(anonymous_10)","line":65,"loc":{"start":{"line":65,"column":26},"end":{"line":65,"column":39}}},"11":{"name":"(anonymous_11)","line":71,"loc":{"start":{"line":71,"column":19},"end":{"line":71,"column":36}}},"12":{"name":"(anonymous_12)","line":79,"loc":{"start":{"line":79,"column":19},"end":{"line":79,"column":34}}},"13":{"name":"(anonymous_13)","line":88,"loc":{"start":{"line":88,"column":14},"end":{"line":88,"column":36}}},"14":{"name":"(anonymous_14)","line":89,"loc":{"start":{"line":89,"column":20},"end":{"line":89,"column":36}}},"15":{"name":"(anonymous_15)","line":102,"loc":{"start":{"line":102,"column":30},"end":{"line":102,"column":55}}},"16":{"name":"(anonymous_16)","line":113,"loc":{"start":{"line":113,"column":13},"end":{"line":113,"column":38}}},"17":{"name":"(anonymous_17)","line":116,"loc":{"start":{"line":116,"column":12},"end":{"line":116,"column":37}}},"18":{"name":"(anonymous_18)","line":119,"loc":{"start":{"line":119,"column":11},"end":{"line":119,"column":36}}},"19":{"name":"(anonymous_19)","line":122,"loc":{"start":{"line":122,"column":12},"end":{"line":122,"column":37}}},"20":{"name":"(anonymous_20)","line":125,"loc":{"start":{"line":125,"column":11},"end":{"line":125,"column":36}}},"21":{"name":"(anonymous_21)","line":128,"loc":{"start":{"line":128,"column":13},"end":{"line":128,"column":38}}},"22":{"name":"(anonymous_22)","line":131,"loc":{"start":{"line":131,"column":12},"end":{"line":131,"column":37}}},"23":{"name":"(anonymous_23)","line":133,"loc":{"start":{"line":133,"column":20},"end":{"line":133,"column":42}}},"24":{"name":"(anonymous_24)","line":164,"loc":{"start":{"line":164,"column":12},"end":{"line":164,"column":33}}},"25":{"name":"(anonymous_25)","line":165,"loc":{"start":{"line":165,"column":20},"end":{"line":165,"column":36}}},"26":{"name":"(anonymous_26)","line":178,"loc":{"start":{"line":178,"column":16},"end":{"line":178,"column":41}}},"27":{"name":"(anonymous_27)","line":179,"loc":{"start":{"line":179,"column":20},"end":{"line":179,"column":36}}},"28":{"name":"(anonymous_28)","line":192,"loc":{"start":{"line":192,"column":16},"end":{"line":192,"column":41}}},"29":{"name":"(anonymous_29)","line":193,"loc":{"start":{"line":193,"column":20},"end":{"line":193,"column":36}}},"30":{"name":"(anonymous_30)","line":206,"loc":{"start":{"line":206,"column":13},"end":{"line":206,"column":38}}},"31":{"name":"(anonymous_31)","line":207,"loc":{"start":{"line":207,"column":20},"end":{"line":207,"column":36}}},"32":{"name":"(anonymous_32)","line":220,"loc":{"start":{"line":220,"column":13},"end":{"line":220,"column":38}}},"33":{"name":"(anonymous_33)","line":221,"loc":{"start":{"line":221,"column":20},"end":{"line":221,"column":36}}},"34":{"name":"(anonymous_34)","line":234,"loc":{"start":{"line":234,"column":11},"end":{"line":234,"column":45}}},"35":{"name":"(anonymous_35)","line":236,"loc":{"start":{"line":236,"column":20},"end":{"line":236,"column":35}}},"36":{"name":"(anonymous_36)","line":251,"loc":{"start":{"line":251,"column":12},"end":{"line":251,"column":35}}},"37":{"name":"(anonymous_37)","line":267,"loc":{"start":{"line":267,"column":20},"end":{"line":267,"column":36}}},"38":{"name":"(anonymous_38)","line":280,"loc":{"start":{"line":280,"column":15},"end":{"line":280,"column":37}}},"39":{"name":"(anonymous_39)","line":281,"loc":{"start":{"line":281,"column":20},"end":{"line":281,"column":36}}},"40":{"name":"(anonymous_40)","line":302,"loc":{"start":{"line":302,"column":12},"end":{"line":302,"column":36}}},"41":{"name":"(anonymous_41)","line":303,"loc":{"start":{"line":303,"column":20},"end":{"line":303,"column":36}}},"42":{"name":"(anonymous_42)","line":320,"loc":{"start":{"line":320,"column":12},"end":{"line":320,"column":36}}},"43":{"name":"(anonymous_43)","line":321,"loc":{"start":{"line":321,"column":20},"end":{"line":321,"column":36}}},"44":{"name":"(anonymous_44)","line":338,"loc":{"start":{"line":338,"column":10},"end":{"line":338,"column":35}}},"45":{"name":"(anonymous_45)","line":339,"loc":{"start":{"line":339,"column":20},"end":{"line":339,"column":42}}},"46":{"name":"(anonymous_46)","line":362,"loc":{"start":{"line":362,"column":11},"end":{"line":362,"column":26}}},"47":{"name":"(anonymous_47)","line":363,"loc":{"start":{"line":363,"column":20},"end":{"line":363,"column":36}}},"48":{"name":"(anonymous_48)","line":377,"loc":{"start":{"line":377,"column":9},"end":{"line":377,"column":24}}},"49":{"name":"(anonymous_49)","line":378,"loc":{"start":{"line":378,"column":20},"end":{"line":378,"column":36}}}},"statementMap":{"1":{"start":{"line":1,"column":0},"end":{"line":1,"column":11}},"2":{"start":{"line":2,"column":0},"end":{"line":4,"column":1}},"3":{"start":{"line":3,"column":4},"end":{"line":3,"column":41}},"4":{"start":{"line":5,"column":0},"end":{"line":7,"column":1}},"5":{"start":{"line":6,"column":4},"end":{"line":6,"column":35}},"6":{"start":{"line":9,"column":0},"end":{"line":394,"column":0}},"7":{"start":{"line":12,"column":12},"end":{"line":16,"column":8}},"8":{"start":{"line":18,"column":12},"end":{"line":22,"column":8}},"9":{"start":{"line":24,"column":12},"end":{"line":28,"column":8}},"10":{"start":{"line":30,"column":12},"end":{"line":34,"column":8}},"11":{"start":{"line":36,"column":12},"end":{"line":40,"column":8}},"12":{"start":{"line":42,"column":12},"end":{"line":46,"column":8}},"13":{"start":{"line":48,"column":12},"end":{"line":52,"column":8}},"14":{"start":{"line":54,"column":12},"end":{"line":58,"column":8}},"15":{"start":{"line":60,"column":12},"end":{"line":64,"column":8}},"16":{"start":{"line":66,"column":12},"end":{"line":70,"column":8}},"17":{"start":{"line":72,"column":12},"end":{"line":76,"column":8}},"18":{"start":{"line":80,"column":12},"end":{"line":85,"column":8}},"19":{"start":{"line":89,"column":8},"end":{"line":94,"column":8}},"20":{"start":{"line":90,"column":12},"end":{"line":92,"column":13}},"21":{"start":{"line":91,"column":16},"end":{"line":92,"column":12}},"22":{"start":{"line":94,"column":8},"end":{"line":97,"column":9}},"23":{"start":{"line":95,"column":12},"end":{"line":95,"column":32}},"24":{"start":{"line":96,"column":12},"end":{"line":97,"column":8}},"25":{"start":{"line":98,"column":8},"end":{"line":101,"column":4}},"26":{"start":{"line":103,"column":8},"end":{"line":110,"column":9}},"27":{"start":{"line":104,"column":12},"end":{"line":104,"column":29}},"28":{"start":{"line":106,"column":12},"end":{"line":108,"column":13}},"29":{"start":{"line":107,"column":16},"end":{"line":107,"column":27}},"30":{"start":{"line":109,"column":12},"end":{"line":109,"column":38}},"31":{"start":{"line":111,"column":8},"end":{"line":111,"column":21}},"32":{"start":{"line":114,"column":8},"end":{"line":114,"column":91}},"33":{"start":{"line":117,"column":8},"end":{"line":117,"column":90}},"34":{"start":{"line":120,"column":8},"end":{"line":120,"column":89}},"35":{"start":{"line":123,"column":8},"end":{"line":123,"column":90}},"36":{"start":{"line":126,"column":8},"end":{"line":126,"column":89}},"37":{"start":{"line":129,"column":8},"end":{"line":129,"column":91}},"38":{"start":{"line":132,"column":8},"end":{"line":132,"column":67}},"39":{"start":{"line":133,"column":8},"end":{"line":156,"column":8}},"40":{"start":{"line":135,"column":12},"end":{"line":135,"column":59}},"41":{"start":{"line":136,"column":12},"end":{"line":139,"column":13}},"42":{"start":{"line":138,"column":16},"end":{"line":138,"column":46}},"43":{"start":{"line":142,"column":12},"end":{"line":142,"column":47}},"44":{"start":{"line":143,"column":12},"end":{"line":143,"column":35}},"45":{"start":{"line":143,"column":22},"end":{"line":143,"column":35}},"46":{"start":{"line":145,"column":12},"end":{"line":147,"column":13}},"47":{"start":{"line":146,"column":16},"end":{"line":146,"column":37}},"48":{"start":{"line":148,"column":12},"end":{"line":154,"column":13}},"49":{"start":{"line":149,"column":16},"end":{"line":153,"column":17}},"50":{"start":{"line":150,"column":20},"end":{"line":150,"column":51}},"51":{"start":{"line":152,"column":20},"end":{"line":152,"column":61}},"52":{"start":{"line":156,"column":8},"end":{"line":159,"column":9}},"53":{"start":{"line":157,"column":12},"end":{"line":157,"column":32}},"54":{"start":{"line":158,"column":12},"end":{"line":159,"column":8}},"55":{"start":{"line":160,"column":8},"end":{"line":163,"column":4}},"56":{"start":{"line":165,"column":8},"end":{"line":170,"column":8}},"57":{"start":{"line":166,"column":12},"end":{"line":168,"column":13}},"58":{"start":{"line":167,"column":16},"end":{"line":168,"column":12}},"59":{"start":{"line":170,"column":8},"end":{"line":173,"column":9}},"60":{"start":{"line":171,"column":12},"end":{"line":171,"column":32}},"61":{"start":{"line":172,"column":12},"end":{"line":173,"column":8}},"62":{"start":{"line":174,"column":8},"end":{"line":177,"column":4}},"63":{"start":{"line":179,"column":8},"end":{"line":184,"column":8}},"64":{"start":{"line":180,"column":12},"end":{"line":182,"column":13}},"65":{"start":{"line":181,"column":16},"end":{"line":182,"column":12}},"66":{"start":{"line":184,"column":8},"end":{"line":187,"column":9}},"67":{"start":{"line":185,"column":12},"end":{"line":185,"column":32}},"68":{"start":{"line":186,"column":12},"end":{"line":187,"column":8}},"69":{"start":{"line":188,"column":8},"end":{"line":191,"column":4}},"70":{"start":{"line":193,"column":8},"end":{"line":198,"column":8}},"71":{"start":{"line":194,"column":12},"end":{"line":196,"column":13}},"72":{"start":{"line":195,"column":16},"end":{"line":195,"column":87}},"73":{"start":{"line":198,"column":8},"end":{"line":201,"column":9}},"74":{"start":{"line":199,"column":12},"end":{"line":199,"column":32}},"75":{"start":{"line":200,"column":12},"end":{"line":201,"column":8}},"76":{"start":{"line":202,"column":8},"end":{"line":205,"column":4}},"77":{"start":{"line":207,"column":8},"end":{"line":212,"column":8}},"78":{"start":{"line":208,"column":12},"end":{"line":210,"column":13}},"79":{"start":{"line":209,"column":16},"end":{"line":209,"column":88}},"80":{"start":{"line":212,"column":8},"end":{"line":215,"column":9}},"81":{"start":{"line":213,"column":12},"end":{"line":213,"column":32}},"82":{"start":{"line":214,"column":12},"end":{"line":215,"column":8}},"83":{"start":{"line":216,"column":8},"end":{"line":219,"column":4}},"84":{"start":{"line":221,"column":8},"end":{"line":226,"column":8}},"85":{"start":{"line":222,"column":12},"end":{"line":224,"column":13}},"86":{"start":{"line":223,"column":16},"end":{"line":223,"column":88}},"87":{"start":{"line":226,"column":8},"end":{"line":229,"column":9}},"88":{"start":{"line":227,"column":12},"end":{"line":227,"column":32}},"89":{"start":{"line":228,"column":12},"end":{"line":229,"column":8}},"90":{"start":{"line":230,"column":8},"end":{"line":233,"column":4}},"91":{"start":{"line":236,"column":8},"end":{"line":243,"column":8}},"92":{"start":{"line":237,"column":12},"end":{"line":241,"column":13}},"93":{"start":{"line":238,"column":16},"end":{"line":238,"column":88}},"94":{"start":{"line":239,"column":19},"end":{"line":241,"column":13}},"95":{"start":{"line":240,"column":16},"end":{"line":240,"column":88}},"96":{"start":{"line":243,"column":8},"end":{"line":246,"column":9}},"97":{"start":{"line":244,"column":12},"end":{"line":244,"column":32}},"98":{"start":{"line":245,"column":12},"end":{"line":246,"column":8}},"99":{"start":{"line":247,"column":8},"end":{"line":250,"column":4}},"100":{"start":{"line":252,"column":8},"end":{"line":252,"column":30}},"101":{"start":{"line":253,"column":8},"end":{"line":266,"column":9}},"102":{"start":{"line":254,"column":12},"end":{"line":261,"column":13}},"103":{"start":{"line":255,"column":16},"end":{"line":255,"column":38}},"104":{"start":{"line":256,"column":16},"end":{"line":260,"column":17}},"105":{"start":{"line":257,"column":20},"end":{"line":257,"column":49}},"106":{"start":{"line":259,"column":20},"end":{"line":259,"column":46}},"107":{"start":{"line":263,"column":12},"end":{"line":265,"column":13}},"108":{"start":{"line":264,"column":16},"end":{"line":264,"column":37}},"109":{"start":{"line":267,"column":8},"end":{"line":272,"column":8}},"110":{"start":{"line":268,"column":12},"end":{"line":270,"column":13}},"111":{"start":{"line":269,"column":16},"end":{"line":269,"column":81}},"112":{"start":{"line":272,"column":8},"end":{"line":275,"column":9}},"113":{"start":{"line":273,"column":12},"end":{"line":273,"column":32}},"114":{"start":{"line":274,"column":12},"end":{"line":275,"column":8}},"115":{"start":{"line":276,"column":8},"end":{"line":279,"column":4}},"116":{"start":{"line":281,"column":8},"end":{"line":294,"column":8}},"117":{"start":{"line":282,"column":12},"end":{"line":292,"column":13}},"118":{"start":{"line":283,"column":16},"end":{"line":287,"column":17}},"119":{"start":{"line":284,"column":20},"end":{"line":285,"column":21}},"120":{"start":{"line":286,"column":20},"end":{"line":286,"column":89}},"121":{"start":{"line":289,"column":16},"end":{"line":291,"column":17}},"122":{"start":{"line":290,"column":20},"end":{"line":290,"column":89}},"123":{"start":{"line":294,"column":8},"end":{"line":297,"column":9}},"124":{"start":{"line":295,"column":12},"end":{"line":295,"column":32}},"125":{"start":{"line":296,"column":12},"end":{"line":297,"column":8}},"126":{"start":{"line":298,"column":8},"end":{"line":301,"column":4}},"127":{"start":{"line":303,"column":8},"end":{"line":312,"column":8}},"128":{"start":{"line":304,"column":12},"end":{"line":310,"column":13}},"129":{"start":{"line":305,"column":16},"end":{"line":307,"column":17}},"130":{"start":{"line":306,"column":20},"end":{"line":306,"column":91}},"131":{"start":{"line":309,"column":16},"end":{"line":309,"column":87}},"132":{"start":{"line":312,"column":8},"end":{"line":315,"column":9}},"133":{"start":{"line":313,"column":12},"end":{"line":313,"column":32}},"134":{"start":{"line":314,"column":12},"end":{"line":315,"column":8}},"135":{"start":{"line":316,"column":8},"end":{"line":319,"column":4}},"136":{"start":{"line":321,"column":8},"end":{"line":330,"column":8}},"137":{"start":{"line":322,"column":12},"end":{"line":328,"column":13}},"138":{"start":{"line":323,"column":16},"end":{"line":325,"column":17}},"139":{"start":{"line":324,"column":20},"end":{"line":324,"column":91}},"140":{"start":{"line":327,"column":16},"end":{"line":327,"column":87}},"141":{"start":{"line":330,"column":8},"end":{"line":333,"column":9}},"142":{"start":{"line":331,"column":12},"end":{"line":331,"column":32}},"143":{"start":{"line":332,"column":12},"end":{"line":333,"column":8}},"144":{"start":{"line":334,"column":8},"end":{"line":337,"column":4}},"145":{"start":{"line":339,"column":8},"end":{"line":354,"column":8}},"146":{"start":{"line":340,"column":12},"end":{"line":340,"column":47}},"147":{"start":{"line":341,"column":12},"end":{"line":348,"column":13}},"148":{"start":{"line":342,"column":16},"end":{"line":342,"column":37}},"149":{"start":{"line":344,"column":16},"end":{"line":344,"column":43}},"150":{"start":{"line":345,"column":16},"end":{"line":347,"column":17}},"151":{"start":{"line":346,"column":20},"end":{"line":346,"column":51}},"152":{"start":{"line":349,"column":12},"end":{"line":349,"column":40}},"153":{"start":{"line":350,"column":12},"end":{"line":352,"column":13}},"154":{"start":{"line":351,"column":16},"end":{"line":351,"column":29}},"155":{"start":{"line":354,"column":8},"end":{"line":357,"column":9}},"156":{"start":{"line":355,"column":12},"end":{"line":355,"column":32}},"157":{"start":{"line":356,"column":12},"end":{"line":357,"column":8}},"158":{"start":{"line":358,"column":8},"end":{"line":361,"column":4}},"159":{"start":{"line":363,"column":8},"end":{"line":369,"column":8}},"160":{"start":{"line":364,"column":12},"end":{"line":364,"column":42}},"161":{"start":{"line":365,"column":12},"end":{"line":367,"column":13}},"162":{"start":{"line":366,"column":16},"end":{"line":366,"column":83}},"163":{"start":{"line":369,"column":8},"end":{"line":372,"column":9}},"164":{"start":{"line":370,"column":12},"end":{"line":370,"column":32}},"165":{"start":{"line":371,"column":12},"end":{"line":372,"column":8}},"166":{"start":{"line":373,"column":8},"end":{"line":376,"column":4}},"167":{"start":{"line":378,"column":8},"end":{"line":384,"column":8}},"168":{"start":{"line":379,"column":12},"end":{"line":379,"column":40}},"169":{"start":{"line":380,"column":12},"end":{"line":382,"column":13}},"170":{"start":{"line":381,"column":16},"end":{"line":381,"column":81}},"171":{"start":{"line":384,"column":8},"end":{"line":387,"column":9}},"172":{"start":{"line":385,"column":12},"end":{"line":385,"column":32}},"173":{"start":{"line":386,"column":12},"end":{"line":387,"column":8}},"174":{"start":{"line":388,"column":8},"end":{"line":391,"column":4}},"175":{"start":{"line":394,"column":0},"end":{"line":394,"column":179}},"176":{"start":{"line":395,"column":0},"end":{"line":395,"column":284}},"177":{"start":{"line":397,"column":0},"end":{"line":399,"column":1}},"178":{"start":{"line":398,"column":4},"end":{"line":398,"column":30}}},"branchMap":{"1":{"line":2,"type":"if","locations":[{"start":{"line":2,"column":0},"end":{"line":2,"column":0}},{"start":{"line":2,"column":0},"end":{"line":2,"column":0}}]},"2":{"line":5,"type":"if","locations":[{"start":{"line":5,"column":0},"end":{"line":5,"column":0}},{"start":{"line":5,"column":0},"end":{"line":5,"column":0}}]},"3":{"line":90,"type":"if","locations":[{"start":{"line":90,"column":12},"end":{"line":90,"column":12}},{"start":{"line":90,"column":12},"end":{"line":90,"column":12}}]},"4":{"line":94,"type":"if","locations":[{"start":{"line":94,"column":8},"end":{"line":94,"column":8}},{"start":{"line":94,"column":8},"end":{"line":94,"column":8}}]},"5":{"line":103,"type":"if","locations":[{"start":{"line":103,"column":8},"end":{"line":103,"column":8}},{"start":{"line":103,"column":8},"end":{"line":103,"column":8}}]},"6":{"line":106,"type":"if","locations":[{"start":{"line":106,"column":12},"end":{"line":106,"column":12}},{"start":{"line":106,"column":12},"end":{"line":106,"column":12}}]},"7":{"line":136,"type":"if","locations":[{"start":{"line":136,"column":12},"end":{"line":136,"column":12}},{"start":{"line":136,"column":12},"end":{"line":136,"column":12}}]},"8":{"line":143,"type":"if","locations":[{"start":{"line":143,"column":12},"end":{"line":143,"column":12}},{"start":{"line":143,"column":12},"end":{"line":143,"column":12}}]},"9":{"line":145,"type":"if","locations":[{"start":{"line":145,"column":12},"end":{"line":145,"column":12}},{"start":{"line":145,"column":12},"end":{"line":145,"column":12}}]},"10":{"line":145,"type":"binary-expr","locations":[{"start":{"line":145,"column":15},"end":{"line":145,"column":21}},{"start":{"line":145,"column":25},"end":{"line":145,"column":43}}]},"11":{"line":148,"type":"if","locations":[{"start":{"line":148,"column":12},"end":{"line":148,"column":12}},{"start":{"line":148,"column":12},"end":{"line":148,"column":12}}]},"12":{"line":149,"type":"if","locations":[{"start":{"line":149,"column":16},"end":{"line":149,"column":16}},{"start":{"line":149,"column":16},"end":{"line":149,"column":16}}]},"13":{"line":149,"type":"binary-expr","locations":[{"start":{"line":149,"column":19},"end":{"line":149,"column":27}},{"start":{"line":149,"column":31},"end":{"line":149,"column":51}}]},"14":{"line":156,"type":"if","locations":[{"start":{"line":156,"column":8},"end":{"line":156,"column":8}},{"start":{"line":156,"column":8},"end":{"line":156,"column":8}}]},"15":{"line":166,"type":"if","locations":[{"start":{"line":166,"column":12},"end":{"line":166,"column":12}},{"start":{"line":166,"column":12},"end":{"line":166,"column":12}}]},"16":{"line":170,"type":"if","locations":[{"start":{"line":170,"column":8},"end":{"line":170,"column":8}},{"start":{"line":170,"column":8},"end":{"line":170,"column":8}}]},"17":{"line":180,"type":"if","locations":[{"start":{"line":180,"column":12},"end":{"line":180,"column":12}},{"start":{"line":180,"column":12},"end":{"line":180,"column":12}}]},"18":{"line":184,"type":"if","locations":[{"start":{"line":184,"column":8},"end":{"line":184,"column":8}},{"start":{"line":184,"column":8},"end":{"line":184,"column":8}}]},"19":{"line":194,"type":"if","locations":[{"start":{"line":194,"column":12},"end":{"line":194,"column":12}},{"start":{"line":194,"column":12},"end":{"line":194,"column":12}}]},"20":{"line":198,"type":"if","locations":[{"start":{"line":198,"column":8},"end":{"line":198,"column":8}},{"start":{"line":198,"column":8},"end":{"line":198,"column":8}}]},"21":{"line":208,"type":"if","locations":[{"start":{"line":208,"column":12},"end":{"line":208,"column":12}},{"start":{"line":208,"column":12},"end":{"line":208,"column":12}}]},"22":{"line":212,"type":"if","locations":[{"start":{"line":212,"column":8},"end":{"line":212,"column":8}},{"start":{"line":212,"column":8},"end":{"line":212,"column":8}}]},"23":{"line":222,"type":"if","locations":[{"start":{"line":222,"column":12},"end":{"line":222,"column":12}},{"start":{"line":222,"column":12},"end":{"line":222,"column":12}}]},"24":{"line":226,"type":"if","locations":[{"start":{"line":226,"column":8},"end":{"line":226,"column":8}},{"start":{"line":226,"column":8},"end":{"line":226,"column":8}}]},"25":{"line":237,"type":"if","locations":[{"start":{"line":237,"column":12},"end":{"line":237,"column":12}},{"start":{"line":237,"column":12},"end":{"line":237,"column":12}}]},"26":{"line":239,"type":"if","locations":[{"start":{"line":239,"column":19},"end":{"line":239,"column":19}},{"start":{"line":239,"column":19},"end":{"line":239,"column":19}}]},"27":{"line":243,"type":"if","locations":[{"start":{"line":243,"column":8},"end":{"line":243,"column":8}},{"start":{"line":243,"column":8},"end":{"line":243,"column":8}}]},"28":{"line":253,"type":"if","locations":[{"start":{"line":253,"column":8},"end":{"line":253,"column":8}},{"start":{"line":253,"column":8},"end":{"line":253,"column":8}}]},"29":{"line":256,"type":"if","locations":[{"start":{"line":256,"column":16},"end":{"line":256,"column":16}},{"start":{"line":256,"column":16},"end":{"line":256,"column":16}}]},"30":{"line":268,"type":"if","locations":[{"start":{"line":268,"column":12},"end":{"line":268,"column":12}},{"start":{"line":268,"column":12},"end":{"line":268,"column":12}}]},"31":{"line":272,"type":"if","locations":[{"start":{"line":272,"column":8},"end":{"line":272,"column":8}},{"start":{"line":272,"column":8},"end":{"line":272,"column":8}}]},"32":{"line":282,"type":"if","locations":[{"start":{"line":282,"column":12},"end":{"line":282,"column":12}},{"start":{"line":282,"column":12},"end":{"line":282,"column":12}}]},"33":{"line":283,"type":"if","locations":[{"start":{"line":283,"column":16},"end":{"line":283,"column":16}},{"start":{"line":283,"column":16},"end":{"line":283,"column":16}}]},"34":{"line":284,"type":"if","locations":[{"start":{"line":284,"column":20},"end":{"line":284,"column":20}},{"start":{"line":284,"column":20},"end":{"line":284,"column":20}}]},"35":{"line":289,"type":"if","locations":[{"start":{"line":289,"column":16},"end":{"line":289,"column":16}},{"start":{"line":289,"column":16},"end":{"line":289,"column":16}}]},"36":{"line":294,"type":"if","locations":[{"start":{"line":294,"column":8},"end":{"line":294,"column":8}},{"start":{"line":294,"column":8},"end":{"line":294,"column":8}}]},"37":{"line":304,"type":"if","locations":[{"start":{"line":304,"column":12},"end":{"line":304,"column":12}},{"start":{"line":304,"column":12},"end":{"line":304,"column":12}}]},"38":{"line":305,"type":"if","locations":[{"start":{"line":305,"column":16},"end":{"line":305,"column":16}},{"start":{"line":305,"column":16},"end":{"line":305,"column":16}}]},"39":{"line":312,"type":"if","locations":[{"start":{"line":312,"column":8},"end":{"line":312,"column":8}},{"start":{"line":312,"column":8},"end":{"line":312,"column":8}}]},"40":{"line":322,"type":"if","locations":[{"start":{"line":322,"column":12},"end":{"line":322,"column":12}},{"start":{"line":322,"column":12},"end":{"line":322,"column":12}}]},"41":{"line":323,"type":"if","locations":[{"start":{"line":323,"column":16},"end":{"line":323,"column":16}},{"start":{"line":323,"column":16},"end":{"line":323,"column":16}}]},"42":{"line":330,"type":"if","locations":[{"start":{"line":330,"column":8},"end":{"line":330,"column":8}},{"start":{"line":330,"column":8},"end":{"line":330,"column":8}}]},"43":{"line":345,"type":"if","locations":[{"start":{"line":345,"column":16},"end":{"line":345,"column":16}},{"start":{"line":345,"column":16},"end":{"line":345,"column":16}}]},"44":{"line":350,"type":"if","locations":[{"start":{"line":350,"column":12},"end":{"line":350,"column":12}},{"start":{"line":350,"column":12},"end":{"line":350,"column":12}}]},"45":{"line":354,"type":"if","locations":[{"start":{"line":354,"column":8},"end":{"line":354,"column":8}},{"start":{"line":354,"column":8},"end":{"line":354,"column":8}}]},"46":{"line":365,"type":"if","locations":[{"start":{"line":365,"column":12},"end":{"line":365,"column":12}},{"start":{"line":365,"column":12},"end":{"line":365,"column":12}}]},"47":{"line":369,"type":"if","locations":[{"start":{"line":369,"column":8},"end":{"line":369,"column":8}},{"start":{"line":369,"column":8},"end":{"line":369,"column":8}}]},"48":{"line":380,"type":"if","locations":[{"start":{"line":380,"column":12},"end":{"line":380,"column":12}},{"start":{"line":380,"column":12},"end":{"line":380,"column":12}}]},"49":{"line":384,"type":"if","locations":[{"start":{"line":384,"column":8},"end":{"line":384,"column":8}},{"start":{"line":384,"column":8},"end":{"line":384,"column":8}}]},"50":{"line":397,"type":"if","locations":[{"start":{"line":397,"column":0},"end":{"line":397,"column":0}},{"start":{"line":397,"column":0},"end":{"line":397,"column":0}}]}},"l":{"1":1,"2":1,"3":1,"5":1,"6":1,"9":1,"12":1,"18":0,"24":1,"30":1,"36":0,"42":0,"48":0,"54":1,"60":0,"66":0,"72":0,"80":0,"89":0,"90":0,"91":0,"94":0,"95":0,"96":0,"98":0,"103":41,"104":1,"106":40,"107":36,"109":40,"111":41,"114":21,"117":0,"120":2,"123":0,"126":3,"129":0,"132":15,"133":15,"135":15,"136":15,"138":15,"142":15,"143":15,"145":13,"146":13,"148":13,"149":0,"150":0,"152":0,"156":15,"157":15,"158":15,"160":0,"165":0,"166":0,"167":0,"170":0,"171":0,"172":0,"174":0,"179":3,"180":3,"181":1,"184":3,"185":1,"186":1,"188":2,"193":0,"194":0,"195":0,"198":0,"199":0,"200":0,"202":0,"207":3,"208":3,"209":1,"212":3,"213":1,"214":1,"216":2,"221":3,"222":3,"223":1,"226":3,"227":1,"228":1,"230":2,"236":0,"237":0,"238":0,"239":0,"240":0,"243":0,"244":0,"245":0,"247":0,"252":0,"253":0,"254":0,"255":0,"256":0,"257":0,"259":0,"263":0,"264":0,"267":0,"268":0,"269":0,"272":0,"273":0,"274":0,"276":0,"281":0,"282":0,"283":0,"284":0,"286":0,"289":0,"290":0,"294":0,"295":0,"296":0,"298":0,"303":0,"304":0,"305":0,"306":0,"309":0,"312":0,"313":0,"314":0,"316":0,"321":0,"322":0,"323":0,"324":0,"327":0,"330":0,"331":0,"332":0,"334":0,"339":2,"340":2,"341":2,"342":10,"344":10,"345":10,"346":1,"349":2,"350":2,"351":1,"354":2,"355":1,"356":1,"358":1,"363":2,"364":2,"365":2,"366":1,"369":2,"370":1,"371":1,"373":1,"378":8,"379":8,"380":8,"381":0,"384":8,"385":0,"386":0,"388":8,"394":1,"395":1,"397":1,"398":1}}}
