{
"/Users/marcuslongmuir/Documents/workspace/FieldVal/fieldval-basicval-js/src/BasicVal.js":{"path":"/Users/marcuslongmuir/Documents/workspace/FieldVal/fieldval-basicval-js/src/BasicVal.js","s":{"1":1,"2":1,"3":1,"4":1,"5":1,"6":1,"7":2,"8":2,"9":1,"10":1,"11":0,"12":0,"13":0,"14":1,"15":0,"16":0,"17":0,"18":0,"19":1,"20":0,"21":0,"22":0,"23":0,"24":0,"25":0,"26":0,"27":0,"28":0,"29":41,"30":1,"31":40,"32":36,"33":40,"34":41,"35":21,"36":0,"37":2,"38":0,"39":3,"40":0,"41":15,"42":15,"43":15,"44":15,"45":15,"46":15,"47":15,"48":2,"49":13,"50":13,"51":13,"52":0,"53":0,"54":0,"55":15,"56":15,"57":15,"58":0,"59":0,"60":0,"61":0,"62":0,"63":0,"64":0,"65":0,"66":5,"67":5,"68":2,"69":5,"70":1,"71":1,"72":4,"73":2,"74":2,"75":2,"76":2,"77":0,"78":0,"79":2,"80":0,"81":0,"82":0,"83":0,"84":0,"85":0,"86":0,"87":3,"88":3,"89":1,"90":3,"91":1,"92":1,"93":2,"94":3,"95":3,"96":1,"97":3,"98":1,"99":1,"100":2,"101":0,"102":0,"103":0,"104":0,"105":0,"106":0,"107":0,"108":0,"109":0,"110":0,"111":0,"112":0,"113":0,"114":0,"115":0,"116":0,"117":0,"118":0,"119":0,"120":0,"121":0,"122":0,"123":0,"124":0,"125":0,"126":0,"127":0,"128":0,"129":0,"130":0,"131":0,"132":0,"133":0,"134":0,"135":0,"136":0,"137":0,"138":0,"139":0,"140":0,"141":0,"142":0,"143":0,"144":0,"145":0,"146":0,"147":0,"148":0,"149":0,"150":0,"151":0,"152":0,"153":0,"154":0,"155":0,"156":0,"157":0,"158":0,"159":0,"160":0,"161":0,"162":0,"163":0,"164":0,"165":2,"166":2,"167":2,"168":10,"169":10,"170":10,"171":1,"172":2,"173":2,"174":1,"175":2,"176":1,"177":1,"178":1,"179":2,"180":2,"181":0,"182":2,"183":2,"184":4,"185":4,"186":4,"187":4,"188":4,"189":1,"190":1,"191":1,"192":1,"193":2,"194":0,"195":0,"196":2,"197":2,"198":2,"199":2,"200":1,"201":2,"202":1,"203":1,"204":1,"205":8,"206":8,"207":8,"208":0,"209":8,"210":0,"211":0,"212":8,"213":1,"214":1,"215":1,"216":1},"b":{"1":[1,0],"2":[1,0],"3":[0,0],"4":[0,0],"5":[1,40],"6":[36,4],"7":[15,0],"8":[2,13],"9":[13,0],"10":[13,13],"11":[0,13],"12":[0,0],"13":[0,0],"14":[15,0],"15":[0,0],"16":[0,0],"17":[2,3],"18":[1,4],"19":[2,0],"20":[0,2],"21":[0,0],"22":[0,0],"23":[1,2],"24":[1,2],"25":[1,2],"26":[1,2],"27":[0,0],"28":[0,0],"29":[0,0],"30":[0,0],"31":[0,0],"32":[0,0],"33":[0,0],"34":[0,0],"35":[0,0],"36":[0,0],"37":[0,0],"38":[0,0],"39":[0,0],"40":[0,0],"41":[0,0],"42":[0,0],"43":[0,0],"44":[0,0,0,0],"45":[0,0],"46":[0,0],"47":[0,0],"48":[0,0],"49":[1,9],"50":[1,1],"51":[1,1],"52":[2,0],"53":[0,2],"54":[1,3],"55":[1,0],"56":[0,2],"57":[1,1],"58":[1,1],"59":[0,8],"60":[0,8],"61":[1,0]},"f":{"1":2,"2":2,"3":1,"4":1,"5":0,"6":0,"7":0,"8":1,"9":0,"10":0,"11":0,"12":0,"13":1,"14":0,"15":0,"16":0,"17":0,"18":41,"19":21,"20":0,"21":2,"22":0,"23":3,"24":0,"25":15,"26":15,"27":0,"28":0,"29":5,"30":5,"31":2,"32":2,"33":0,"34":0,"35":3,"36":3,"37":3,"38":3,"39":0,"40":0,"41":0,"42":0,"43":0,"44":0,"45":0,"46":0,"47":0,"48":0,"49":0,"50":0,"51":2,"52":2,"53":2,"54":2,"55":4,"56":2,"57":2,"58":8,"59":8},"fnMap":{"1":{"name":"(anonymous_1)","line":11,"loc":{"start":{"line":11,"column":19},"end":{"line":11,"column":37}}},"2":{"name":"(anonymous_2)","line":17,"loc":{"start":{"line":17,"column":18},"end":{"line":17,"column":36}}},"3":{"name":"(anonymous_3)","line":23,"loc":{"start":{"line":23,"column":19},"end":{"line":23,"column":37}}},"4":{"name":"(anonymous_4)","line":29,"loc":{"start":{"line":29,"column":19},"end":{"line":29,"column":37}}},"5":{"name":"(anonymous_5)","line":35,"loc":{"start":{"line":35,"column":21},"end":{"line":35,"column":32}}},"6":{"name":"(anonymous_6)","line":41,"loc":{"start":{"line":41,"column":25},"end":{"line":41,"column":36}}},"7":{"name":"(anonymous_7)","line":47,"loc":{"start":{"line":47,"column":19},"end":{"line":47,"column":36}}},"8":{"name":"(anonymous_8)","line":53,"loc":{"start":{"line":53,"column":23},"end":{"line":53,"column":34}}},"9":{"name":"(anonymous_9)","line":59,"loc":{"start":{"line":59,"column":21},"end":{"line":59,"column":32}}},"10":{"name":"(anonymous_10)","line":65,"loc":{"start":{"line":65,"column":26},"end":{"line":65,"column":39}}},"11":{"name":"(anonymous_11)","line":71,"loc":{"start":{"line":71,"column":19},"end":{"line":71,"column":36}}},"12":{"name":"(anonymous_12)","line":79,"loc":{"start":{"line":79,"column":19},"end":{"line":79,"column":34}}},"13":{"name":"(anonymous_13)","line":87,"loc":{"start":{"line":87,"column":25},"end":{"line":87,"column":35}}},"14":{"name":"(anonymous_14)","line":93,"loc":{"start":{"line":93,"column":29},"end":{"line":93,"column":39}}},"15":{"name":"(anonymous_15)","line":99,"loc":{"start":{"line":99,"column":32},"end":{"line":99,"column":42}}},"16":{"name":"(anonymous_16)","line":106,"loc":{"start":{"line":106,"column":14},"end":{"line":106,"column":36}}},"17":{"name":"(anonymous_17)","line":107,"loc":{"start":{"line":107,"column":20},"end":{"line":107,"column":36}}},"18":{"name":"(anonymous_18)","line":120,"loc":{"start":{"line":120,"column":30},"end":{"line":120,"column":55}}},"19":{"name":"(anonymous_19)","line":131,"loc":{"start":{"line":131,"column":13},"end":{"line":131,"column":38}}},"20":{"name":"(anonymous_20)","line":134,"loc":{"start":{"line":134,"column":12},"end":{"line":134,"column":37}}},"21":{"name":"(anonymous_21)","line":137,"loc":{"start":{"line":137,"column":11},"end":{"line":137,"column":36}}},"22":{"name":"(anonymous_22)","line":140,"loc":{"start":{"line":140,"column":12},"end":{"line":140,"column":37}}},"23":{"name":"(anonymous_23)","line":143,"loc":{"start":{"line":143,"column":11},"end":{"line":143,"column":36}}},"24":{"name":"(anonymous_24)","line":146,"loc":{"start":{"line":146,"column":13},"end":{"line":146,"column":38}}},"25":{"name":"(anonymous_25)","line":149,"loc":{"start":{"line":149,"column":12},"end":{"line":149,"column":37}}},"26":{"name":"(anonymous_26)","line":151,"loc":{"start":{"line":151,"column":20},"end":{"line":151,"column":42}}},"27":{"name":"(anonymous_27)","line":182,"loc":{"start":{"line":182,"column":12},"end":{"line":182,"column":33}}},"28":{"name":"(anonymous_28)","line":183,"loc":{"start":{"line":183,"column":20},"end":{"line":183,"column":36}}},"29":{"name":"(anonymous_29)","line":196,"loc":{"start":{"line":196,"column":16},"end":{"line":196,"column":41}}},"30":{"name":"(anonymous_30)","line":197,"loc":{"start":{"line":197,"column":20},"end":{"line":197,"column":36}}},"31":{"name":"(anonymous_31)","line":210,"loc":{"start":{"line":210,"column":16},"end":{"line":210,"column":41}}},"32":{"name":"(anonymous_32)","line":211,"loc":{"start":{"line":211,"column":20},"end":{"line":211,"column":36}}},"33":{"name":"(anonymous_33)","line":224,"loc":{"start":{"line":224,"column":19},"end":{"line":224,"column":35}}},"34":{"name":"(anonymous_34)","line":225,"loc":{"start":{"line":225,"column":20},"end":{"line":225,"column":36}}},"35":{"name":"(anonymous_35)","line":238,"loc":{"start":{"line":238,"column":13},"end":{"line":238,"column":38}}},"36":{"name":"(anonymous_36)","line":239,"loc":{"start":{"line":239,"column":20},"end":{"line":239,"column":36}}},"37":{"name":"(anonymous_37)","line":252,"loc":{"start":{"line":252,"column":13},"end":{"line":252,"column":38}}},"38":{"name":"(anonymous_38)","line":253,"loc":{"start":{"line":253,"column":20},"end":{"line":253,"column":36}}},"39":{"name":"(anonymous_39)","line":266,"loc":{"start":{"line":266,"column":11},"end":{"line":266,"column":45}}},"40":{"name":"(anonymous_40)","line":268,"loc":{"start":{"line":268,"column":20},"end":{"line":268,"column":35}}},"41":{"name":"(anonymous_41)","line":283,"loc":{"start":{"line":283,"column":12},"end":{"line":283,"column":35}}},"42":{"name":"(anonymous_42)","line":299,"loc":{"start":{"line":299,"column":20},"end":{"line":299,"column":36}}},"43":{"name":"(anonymous_43)","line":312,"loc":{"start":{"line":312,"column":15},"end":{"line":312,"column":37}}},"44":{"name":"(anonymous_44)","line":313,"loc":{"start":{"line":313,"column":20},"end":{"line":313,"column":36}}},"45":{"name":"(anonymous_45)","line":334,"loc":{"start":{"line":334,"column":12},"end":{"line":334,"column":36}}},"46":{"name":"(anonymous_46)","line":335,"loc":{"start":{"line":335,"column":20},"end":{"line":335,"column":36}}},"47":{"name":"(anonymous_47)","line":352,"loc":{"start":{"line":352,"column":23},"end":{"line":352,"column":39}}},"48":{"name":"(anonymous_48)","line":353,"loc":{"start":{"line":353,"column":20},"end":{"line":353,"column":36}}},"49":{"name":"(anonymous_49)","line":371,"loc":{"start":{"line":371,"column":12},"end":{"line":371,"column":36}}},"50":{"name":"(anonymous_50)","line":372,"loc":{"start":{"line":372,"column":20},"end":{"line":372,"column":36}}},"51":{"name":"(anonymous_51)","line":389,"loc":{"start":{"line":389,"column":10},"end":{"line":389,"column":35}}},"52":{"name":"(anonymous_52)","line":390,"loc":{"start":{"line":390,"column":20},"end":{"line":390,"column":42}}},"53":{"name":"(anonymous_53)","line":413,"loc":{"start":{"line":413,"column":14},"end":{"line":413,"column":38}}},"54":{"name":"(anonymous_54)","line":420,"loc":{"start":{"line":420,"column":20},"end":{"line":420,"column":41}}},"55":{"name":"(anonymous_55)","line":425,"loc":{"start":{"line":425,"column":82},"end":{"line":425,"column":99}}},"56":{"name":"(anonymous_56)","line":445,"loc":{"start":{"line":445,"column":11},"end":{"line":445,"column":26}}},"57":{"name":"(anonymous_57)","line":446,"loc":{"start":{"line":446,"column":20},"end":{"line":446,"column":36}}},"58":{"name":"(anonymous_58)","line":460,"loc":{"start":{"line":460,"column":9},"end":{"line":460,"column":24}}},"59":{"name":"(anonymous_59)","line":461,"loc":{"start":{"line":461,"column":20},"end":{"line":461,"column":36}}}},"statementMap":{"1":{"start":{"line":1,"column":0},"end":{"line":1,"column":11}},"2":{"start":{"line":2,"column":0},"end":{"line":4,"column":1}},"3":{"start":{"line":3,"column":4},"end":{"line":3,"column":41}},"4":{"start":{"line":5,"column":0},"end":{"line":7,"column":1}},"5":{"start":{"line":6,"column":4},"end":{"line":6,"column":35}},"6":{"start":{"line":9,"column":0},"end":{"line":477,"column":0}},"7":{"start":{"line":12,"column":12},"end":{"line":16,"column":8}},"8":{"start":{"line":18,"column":12},"end":{"line":22,"column":8}},"9":{"start":{"line":24,"column":12},"end":{"line":28,"column":8}},"10":{"start":{"line":30,"column":12},"end":{"line":34,"column":8}},"11":{"start":{"line":36,"column":12},"end":{"line":40,"column":8}},"12":{"start":{"line":42,"column":12},"end":{"line":46,"column":8}},"13":{"start":{"line":48,"column":12},"end":{"line":52,"column":8}},"14":{"start":{"line":54,"column":12},"end":{"line":58,"column":8}},"15":{"start":{"line":60,"column":12},"end":{"line":64,"column":8}},"16":{"start":{"line":66,"column":12},"end":{"line":70,"column":8}},"17":{"start":{"line":72,"column":12},"end":{"line":76,"column":8}},"18":{"start":{"line":80,"column":12},"end":{"line":85,"column":8}},"19":{"start":{"line":88,"column":12},"end":{"line":92,"column":8}},"20":{"start":{"line":94,"column":12},"end":{"line":98,"column":8}},"21":{"start":{"line":100,"column":12},"end":{"line":104,"column":8}},"22":{"start":{"line":107,"column":8},"end":{"line":112,"column":8}},"23":{"start":{"line":108,"column":12},"end":{"line":110,"column":13}},"24":{"start":{"line":109,"column":16},"end":{"line":110,"column":12}},"25":{"start":{"line":112,"column":8},"end":{"line":115,"column":9}},"26":{"start":{"line":113,"column":12},"end":{"line":113,"column":32}},"27":{"start":{"line":114,"column":12},"end":{"line":115,"column":8}},"28":{"start":{"line":116,"column":8},"end":{"line":119,"column":4}},"29":{"start":{"line":121,"column":8},"end":{"line":128,"column":9}},"30":{"start":{"line":122,"column":12},"end":{"line":122,"column":29}},"31":{"start":{"line":124,"column":12},"end":{"line":126,"column":13}},"32":{"start":{"line":125,"column":16},"end":{"line":125,"column":27}},"33":{"start":{"line":127,"column":12},"end":{"line":127,"column":38}},"34":{"start":{"line":129,"column":8},"end":{"line":129,"column":21}},"35":{"start":{"line":132,"column":8},"end":{"line":132,"column":91}},"36":{"start":{"line":135,"column":8},"end":{"line":135,"column":90}},"37":{"start":{"line":138,"column":8},"end":{"line":138,"column":89}},"38":{"start":{"line":141,"column":8},"end":{"line":141,"column":90}},"39":{"start":{"line":144,"column":8},"end":{"line":144,"column":89}},"40":{"start":{"line":147,"column":8},"end":{"line":147,"column":91}},"41":{"start":{"line":150,"column":8},"end":{"line":150,"column":67}},"42":{"start":{"line":151,"column":8},"end":{"line":174,"column":8}},"43":{"start":{"line":153,"column":12},"end":{"line":153,"column":59}},"44":{"start":{"line":154,"column":12},"end":{"line":157,"column":13}},"45":{"start":{"line":156,"column":16},"end":{"line":156,"column":46}},"46":{"start":{"line":160,"column":12},"end":{"line":160,"column":47}},"47":{"start":{"line":161,"column":12},"end":{"line":161,"column":35}},"48":{"start":{"line":161,"column":22},"end":{"line":161,"column":35}},"49":{"start":{"line":163,"column":12},"end":{"line":165,"column":13}},"50":{"start":{"line":164,"column":16},"end":{"line":164,"column":37}},"51":{"start":{"line":166,"column":12},"end":{"line":172,"column":13}},"52":{"start":{"line":167,"column":16},"end":{"line":171,"column":17}},"53":{"start":{"line":168,"column":20},"end":{"line":168,"column":51}},"54":{"start":{"line":170,"column":20},"end":{"line":170,"column":61}},"55":{"start":{"line":174,"column":8},"end":{"line":177,"column":9}},"56":{"start":{"line":175,"column":12},"end":{"line":175,"column":32}},"57":{"start":{"line":176,"column":12},"end":{"line":177,"column":8}},"58":{"start":{"line":178,"column":8},"end":{"line":181,"column":4}},"59":{"start":{"line":183,"column":8},"end":{"line":188,"column":8}},"60":{"start":{"line":184,"column":12},"end":{"line":186,"column":13}},"61":{"start":{"line":185,"column":16},"end":{"line":186,"column":12}},"62":{"start":{"line":188,"column":8},"end":{"line":191,"column":9}},"63":{"start":{"line":189,"column":12},"end":{"line":189,"column":32}},"64":{"start":{"line":190,"column":12},"end":{"line":191,"column":8}},"65":{"start":{"line":192,"column":8},"end":{"line":195,"column":4}},"66":{"start":{"line":197,"column":8},"end":{"line":202,"column":8}},"67":{"start":{"line":198,"column":12},"end":{"line":200,"column":13}},"68":{"start":{"line":199,"column":16},"end":{"line":200,"column":12}},"69":{"start":{"line":202,"column":8},"end":{"line":205,"column":9}},"70":{"start":{"line":203,"column":12},"end":{"line":203,"column":32}},"71":{"start":{"line":204,"column":12},"end":{"line":205,"column":8}},"72":{"start":{"line":206,"column":8},"end":{"line":209,"column":4}},"73":{"start":{"line":211,"column":8},"end":{"line":216,"column":8}},"74":{"start":{"line":212,"column":12},"end":{"line":214,"column":13}},"75":{"start":{"line":213,"column":16},"end":{"line":213,"column":87}},"76":{"start":{"line":216,"column":8},"end":{"line":219,"column":9}},"77":{"start":{"line":217,"column":12},"end":{"line":217,"column":32}},"78":{"start":{"line":218,"column":12},"end":{"line":219,"column":8}},"79":{"start":{"line":220,"column":8},"end":{"line":223,"column":4}},"80":{"start":{"line":225,"column":8},"end":{"line":230,"column":8}},"81":{"start":{"line":226,"column":12},"end":{"line":228,"column":13}},"82":{"start":{"line":227,"column":16},"end":{"line":227,"column":98}},"83":{"start":{"line":230,"column":8},"end":{"line":233,"column":9}},"84":{"start":{"line":231,"column":12},"end":{"line":231,"column":32}},"85":{"start":{"line":232,"column":12},"end":{"line":233,"column":8}},"86":{"start":{"line":234,"column":8},"end":{"line":237,"column":4}},"87":{"start":{"line":239,"column":8},"end":{"line":244,"column":8}},"88":{"start":{"line":240,"column":12},"end":{"line":242,"column":13}},"89":{"start":{"line":241,"column":16},"end":{"line":241,"column":88}},"90":{"start":{"line":244,"column":8},"end":{"line":247,"column":9}},"91":{"start":{"line":245,"column":12},"end":{"line":245,"column":32}},"92":{"start":{"line":246,"column":12},"end":{"line":247,"column":8}},"93":{"start":{"line":248,"column":8},"end":{"line":251,"column":4}},"94":{"start":{"line":253,"column":8},"end":{"line":258,"column":8}},"95":{"start":{"line":254,"column":12},"end":{"line":256,"column":13}},"96":{"start":{"line":255,"column":16},"end":{"line":255,"column":88}},"97":{"start":{"line":258,"column":8},"end":{"line":261,"column":9}},"98":{"start":{"line":259,"column":12},"end":{"line":259,"column":32}},"99":{"start":{"line":260,"column":12},"end":{"line":261,"column":8}},"100":{"start":{"line":262,"column":8},"end":{"line":265,"column":4}},"101":{"start":{"line":268,"column":8},"end":{"line":275,"column":8}},"102":{"start":{"line":269,"column":12},"end":{"line":273,"column":13}},"103":{"start":{"line":270,"column":16},"end":{"line":270,"column":88}},"104":{"start":{"line":271,"column":19},"end":{"line":273,"column":13}},"105":{"start":{"line":272,"column":16},"end":{"line":272,"column":88}},"106":{"start":{"line":275,"column":8},"end":{"line":278,"column":9}},"107":{"start":{"line":276,"column":12},"end":{"line":276,"column":32}},"108":{"start":{"line":277,"column":12},"end":{"line":278,"column":8}},"109":{"start":{"line":279,"column":8},"end":{"line":282,"column":4}},"110":{"start":{"line":284,"column":8},"end":{"line":284,"column":30}},"111":{"start":{"line":285,"column":8},"end":{"line":298,"column":9}},"112":{"start":{"line":286,"column":12},"end":{"line":293,"column":13}},"113":{"start":{"line":287,"column":16},"end":{"line":287,"column":38}},"114":{"start":{"line":288,"column":16},"end":{"line":292,"column":17}},"115":{"start":{"line":289,"column":20},"end":{"line":289,"column":49}},"116":{"start":{"line":291,"column":20},"end":{"line":291,"column":46}},"117":{"start":{"line":295,"column":12},"end":{"line":297,"column":13}},"118":{"start":{"line":296,"column":16},"end":{"line":296,"column":37}},"119":{"start":{"line":299,"column":8},"end":{"line":304,"column":8}},"120":{"start":{"line":300,"column":12},"end":{"line":302,"column":13}},"121":{"start":{"line":301,"column":16},"end":{"line":301,"column":81}},"122":{"start":{"line":304,"column":8},"end":{"line":307,"column":9}},"123":{"start":{"line":305,"column":12},"end":{"line":305,"column":32}},"124":{"start":{"line":306,"column":12},"end":{"line":307,"column":8}},"125":{"start":{"line":308,"column":8},"end":{"line":311,"column":4}},"126":{"start":{"line":313,"column":8},"end":{"line":326,"column":8}},"127":{"start":{"line":314,"column":12},"end":{"line":324,"column":13}},"128":{"start":{"line":315,"column":16},"end":{"line":319,"column":17}},"129":{"start":{"line":316,"column":20},"end":{"line":317,"column":21}},"130":{"start":{"line":318,"column":20},"end":{"line":318,"column":89}},"131":{"start":{"line":321,"column":16},"end":{"line":323,"column":17}},"132":{"start":{"line":322,"column":20},"end":{"line":322,"column":89}},"133":{"start":{"line":326,"column":8},"end":{"line":329,"column":9}},"134":{"start":{"line":327,"column":12},"end":{"line":327,"column":32}},"135":{"start":{"line":328,"column":12},"end":{"line":329,"column":8}},"136":{"start":{"line":330,"column":8},"end":{"line":333,"column":4}},"137":{"start":{"line":335,"column":8},"end":{"line":344,"column":8}},"138":{"start":{"line":336,"column":12},"end":{"line":342,"column":13}},"139":{"start":{"line":337,"column":16},"end":{"line":339,"column":17}},"140":{"start":{"line":338,"column":20},"end":{"line":338,"column":91}},"141":{"start":{"line":341,"column":16},"end":{"line":341,"column":87}},"142":{"start":{"line":344,"column":8},"end":{"line":347,"column":9}},"143":{"start":{"line":345,"column":12},"end":{"line":345,"column":32}},"144":{"start":{"line":346,"column":12},"end":{"line":347,"column":8}},"145":{"start":{"line":348,"column":8},"end":{"line":351,"column":4}},"146":{"start":{"line":353,"column":8},"end":{"line":363,"column":8}},"147":{"start":{"line":354,"column":12},"end":{"line":361,"column":13}},"148":{"start":{"line":355,"column":16},"end":{"line":355,"column":52}},"149":{"start":{"line":356,"column":16},"end":{"line":358,"column":17}},"150":{"start":{"line":357,"column":20},"end":{"line":357,"column":96}},"151":{"start":{"line":360,"column":16},"end":{"line":360,"column":92}},"152":{"start":{"line":363,"column":8},"end":{"line":366,"column":9}},"153":{"start":{"line":364,"column":12},"end":{"line":364,"column":32}},"154":{"start":{"line":365,"column":12},"end":{"line":366,"column":8}},"155":{"start":{"line":367,"column":8},"end":{"line":370,"column":4}},"156":{"start":{"line":372,"column":8},"end":{"line":381,"column":8}},"157":{"start":{"line":373,"column":12},"end":{"line":379,"column":13}},"158":{"start":{"line":374,"column":16},"end":{"line":376,"column":17}},"159":{"start":{"line":375,"column":20},"end":{"line":375,"column":91}},"160":{"start":{"line":378,"column":16},"end":{"line":378,"column":87}},"161":{"start":{"line":381,"column":8},"end":{"line":384,"column":9}},"162":{"start":{"line":382,"column":12},"end":{"line":382,"column":32}},"163":{"start":{"line":383,"column":12},"end":{"line":384,"column":8}},"164":{"start":{"line":385,"column":8},"end":{"line":388,"column":4}},"165":{"start":{"line":390,"column":8},"end":{"line":405,"column":8}},"166":{"start":{"line":391,"column":12},"end":{"line":391,"column":47}},"167":{"start":{"line":392,"column":12},"end":{"line":399,"column":13}},"168":{"start":{"line":393,"column":16},"end":{"line":393,"column":37}},"169":{"start":{"line":395,"column":16},"end":{"line":395,"column":43}},"170":{"start":{"line":396,"column":16},"end":{"line":398,"column":17}},"171":{"start":{"line":397,"column":20},"end":{"line":397,"column":51}},"172":{"start":{"line":400,"column":12},"end":{"line":400,"column":40}},"173":{"start":{"line":401,"column":12},"end":{"line":403,"column":13}},"174":{"start":{"line":402,"column":16},"end":{"line":402,"column":29}},"175":{"start":{"line":405,"column":8},"end":{"line":408,"column":9}},"176":{"start":{"line":406,"column":12},"end":{"line":406,"column":32}},"177":{"start":{"line":407,"column":12},"end":{"line":408,"column":8}},"178":{"start":{"line":409,"column":8},"end":{"line":412,"column":4}},"179":{"start":{"line":415,"column":8},"end":{"line":415,"column":32}},"180":{"start":{"line":416,"column":8},"end":{"line":418,"column":9}},"181":{"start":{"line":417,"column":12},"end":{"line":417,"column":71}},"182":{"start":{"line":420,"column":8},"end":{"line":437,"column":8}},"183":{"start":{"line":421,"column":12},"end":{"line":434,"column":13}},"184":{"start":{"line":422,"column":16},"end":{"line":422,"column":40}},"185":{"start":{"line":424,"column":16},"end":{"line":424,"column":34}},"186":{"start":{"line":425,"column":16},"end":{"line":428,"column":16}},"187":{"start":{"line":426,"column":20},"end":{"line":426,"column":44}},"188":{"start":{"line":428,"column":16},"end":{"line":433,"column":17}},"189":{"start":{"line":429,"column":20},"end":{"line":431,"column":21}},"190":{"start":{"line":430,"column":24},"end":{"line":430,"column":44}},"191":{"start":{"line":432,"column":20},"end":{"line":432,"column":32}},"192":{"start":{"line":435,"column":12},"end":{"line":435,"column":81}},"193":{"start":{"line":437,"column":8},"end":{"line":440,"column":9}},"194":{"start":{"line":438,"column":12},"end":{"line":438,"column":32}},"195":{"start":{"line":439,"column":12},"end":{"line":440,"column":8}},"196":{"start":{"line":441,"column":8},"end":{"line":444,"column":4}},"197":{"start":{"line":446,"column":8},"end":{"line":452,"column":8}},"198":{"start":{"line":447,"column":12},"end":{"line":447,"column":42}},"199":{"start":{"line":448,"column":12},"end":{"line":450,"column":13}},"200":{"start":{"line":449,"column":16},"end":{"line":449,"column":83}},"201":{"start":{"line":452,"column":8},"end":{"line":455,"column":9}},"202":{"start":{"line":453,"column":12},"end":{"line":453,"column":32}},"203":{"start":{"line":454,"column":12},"end":{"line":455,"column":8}},"204":{"start":{"line":456,"column":8},"end":{"line":459,"column":4}},"205":{"start":{"line":461,"column":8},"end":{"line":467,"column":8}},"206":{"start":{"line":462,"column":12},"end":{"line":462,"column":40}},"207":{"start":{"line":463,"column":12},"end":{"line":465,"column":13}},"208":{"start":{"line":464,"column":16},"end":{"line":464,"column":81}},"209":{"start":{"line":467,"column":8},"end":{"line":470,"column":9}},"210":{"start":{"line":468,"column":12},"end":{"line":468,"column":32}},"211":{"start":{"line":469,"column":12},"end":{"line":470,"column":8}},"212":{"start":{"line":471,"column":8},"end":{"line":474,"column":4}},"213":{"start":{"line":477,"column":0},"end":{"line":477,"column":179}},"214":{"start":{"line":478,"column":0},"end":{"line":478,"column":284}},"215":{"start":{"line":480,"column":0},"end":{"line":482,"column":1}},"216":{"start":{"line":481,"column":4},"end":{"line":481,"column":30}}},"branchMap":{"1":{"line":2,"type":"if","locations":[{"start":{"line":2,"column":0},"end":{"line":2,"column":0}},{"start":{"line":2,"column":0},"end":{"line":2,"column":0}}]},"2":{"line":5,"type":"if","locations":[{"start":{"line":5,"column":0},"end":{"line":5,"column":0}},{"start":{"line":5,"column":0},"end":{"line":5,"column":0}}]},"3":{"line":108,"type":"if","locations":[{"start":{"line":108,"column":12},"end":{"line":108,"column":12}},{"start":{"line":108,"column":12},"end":{"line":108,"column":12}}]},"4":{"line":112,"type":"if","locations":[{"start":{"line":112,"column":8},"end":{"line":112,"column":8}},{"start":{"line":112,"column":8},"end":{"line":112,"column":8}}]},"5":{"line":121,"type":"if","locations":[{"start":{"line":121,"column":8},"end":{"line":121,"column":8}},{"start":{"line":121,"column":8},"end":{"line":121,"column":8}}]},"6":{"line":124,"type":"if","locations":[{"start":{"line":124,"column":12},"end":{"line":124,"column":12}},{"start":{"line":124,"column":12},"end":{"line":124,"column":12}}]},"7":{"line":154,"type":"if","locations":[{"start":{"line":154,"column":12},"end":{"line":154,"column":12}},{"start":{"line":154,"column":12},"end":{"line":154,"column":12}}]},"8":{"line":161,"type":"if","locations":[{"start":{"line":161,"column":12},"end":{"line":161,"column":12}},{"start":{"line":161,"column":12},"end":{"line":161,"column":12}}]},"9":{"line":163,"type":"if","locations":[{"start":{"line":163,"column":12},"end":{"line":163,"column":12}},{"start":{"line":163,"column":12},"end":{"line":163,"column":12}}]},"10":{"line":163,"type":"binary-expr","locations":[{"start":{"line":163,"column":15},"end":{"line":163,"column":21}},{"start":{"line":163,"column":25},"end":{"line":163,"column":43}}]},"11":{"line":166,"type":"if","locations":[{"start":{"line":166,"column":12},"end":{"line":166,"column":12}},{"start":{"line":166,"column":12},"end":{"line":166,"column":12}}]},"12":{"line":167,"type":"if","locations":[{"start":{"line":167,"column":16},"end":{"line":167,"column":16}},{"start":{"line":167,"column":16},"end":{"line":167,"column":16}}]},"13":{"line":167,"type":"binary-expr","locations":[{"start":{"line":167,"column":19},"end":{"line":167,"column":27}},{"start":{"line":167,"column":31},"end":{"line":167,"column":51}}]},"14":{"line":174,"type":"if","locations":[{"start":{"line":174,"column":8},"end":{"line":174,"column":8}},{"start":{"line":174,"column":8},"end":{"line":174,"column":8}}]},"15":{"line":184,"type":"if","locations":[{"start":{"line":184,"column":12},"end":{"line":184,"column":12}},{"start":{"line":184,"column":12},"end":{"line":184,"column":12}}]},"16":{"line":188,"type":"if","locations":[{"start":{"line":188,"column":8},"end":{"line":188,"column":8}},{"start":{"line":188,"column":8},"end":{"line":188,"column":8}}]},"17":{"line":198,"type":"if","locations":[{"start":{"line":198,"column":12},"end":{"line":198,"column":12}},{"start":{"line":198,"column":12},"end":{"line":198,"column":12}}]},"18":{"line":202,"type":"if","locations":[{"start":{"line":202,"column":8},"end":{"line":202,"column":8}},{"start":{"line":202,"column":8},"end":{"line":202,"column":8}}]},"19":{"line":212,"type":"if","locations":[{"start":{"line":212,"column":12},"end":{"line":212,"column":12}},{"start":{"line":212,"column":12},"end":{"line":212,"column":12}}]},"20":{"line":216,"type":"if","locations":[{"start":{"line":216,"column":8},"end":{"line":216,"column":8}},{"start":{"line":216,"column":8},"end":{"line":216,"column":8}}]},"21":{"line":226,"type":"if","locations":[{"start":{"line":226,"column":12},"end":{"line":226,"column":12}},{"start":{"line":226,"column":12},"end":{"line":226,"column":12}}]},"22":{"line":230,"type":"if","locations":[{"start":{"line":230,"column":8},"end":{"line":230,"column":8}},{"start":{"line":230,"column":8},"end":{"line":230,"column":8}}]},"23":{"line":240,"type":"if","locations":[{"start":{"line":240,"column":12},"end":{"line":240,"column":12}},{"start":{"line":240,"column":12},"end":{"line":240,"column":12}}]},"24":{"line":244,"type":"if","locations":[{"start":{"line":244,"column":8},"end":{"line":244,"column":8}},{"start":{"line":244,"column":8},"end":{"line":244,"column":8}}]},"25":{"line":254,"type":"if","locations":[{"start":{"line":254,"column":12},"end":{"line":254,"column":12}},{"start":{"line":254,"column":12},"end":{"line":254,"column":12}}]},"26":{"line":258,"type":"if","locations":[{"start":{"line":258,"column":8},"end":{"line":258,"column":8}},{"start":{"line":258,"column":8},"end":{"line":258,"column":8}}]},"27":{"line":269,"type":"if","locations":[{"start":{"line":269,"column":12},"end":{"line":269,"column":12}},{"start":{"line":269,"column":12},"end":{"line":269,"column":12}}]},"28":{"line":271,"type":"if","locations":[{"start":{"line":271,"column":19},"end":{"line":271,"column":19}},{"start":{"line":271,"column":19},"end":{"line":271,"column":19}}]},"29":{"line":275,"type":"if","locations":[{"start":{"line":275,"column":8},"end":{"line":275,"column":8}},{"start":{"line":275,"column":8},"end":{"line":275,"column":8}}]},"30":{"line":285,"type":"if","locations":[{"start":{"line":285,"column":8},"end":{"line":285,"column":8}},{"start":{"line":285,"column":8},"end":{"line":285,"column":8}}]},"31":{"line":288,"type":"if","locations":[{"start":{"line":288,"column":16},"end":{"line":288,"column":16}},{"start":{"line":288,"column":16},"end":{"line":288,"column":16}}]},"32":{"line":300,"type":"if","locations":[{"start":{"line":300,"column":12},"end":{"line":300,"column":12}},{"start":{"line":300,"column":12},"end":{"line":300,"column":12}}]},"33":{"line":304,"type":"if","locations":[{"start":{"line":304,"column":8},"end":{"line":304,"column":8}},{"start":{"line":304,"column":8},"end":{"line":304,"column":8}}]},"34":{"line":314,"type":"if","locations":[{"start":{"line":314,"column":12},"end":{"line":314,"column":12}},{"start":{"line":314,"column":12},"end":{"line":314,"column":12}}]},"35":{"line":315,"type":"if","locations":[{"start":{"line":315,"column":16},"end":{"line":315,"column":16}},{"start":{"line":315,"column":16},"end":{"line":315,"column":16}}]},"36":{"line":316,"type":"if","locations":[{"start":{"line":316,"column":20},"end":{"line":316,"column":20}},{"start":{"line":316,"column":20},"end":{"line":316,"column":20}}]},"37":{"line":321,"type":"if","locations":[{"start":{"line":321,"column":16},"end":{"line":321,"column":16}},{"start":{"line":321,"column":16},"end":{"line":321,"column":16}}]},"38":{"line":326,"type":"if","locations":[{"start":{"line":326,"column":8},"end":{"line":326,"column":8}},{"start":{"line":326,"column":8},"end":{"line":326,"column":8}}]},"39":{"line":336,"type":"if","locations":[{"start":{"line":336,"column":12},"end":{"line":336,"column":12}},{"start":{"line":336,"column":12},"end":{"line":336,"column":12}}]},"40":{"line":337,"type":"if","locations":[{"start":{"line":337,"column":16},"end":{"line":337,"column":16}},{"start":{"line":337,"column":16},"end":{"line":337,"column":16}}]},"41":{"line":344,"type":"if","locations":[{"start":{"line":344,"column":8},"end":{"line":344,"column":8}},{"start":{"line":344,"column":8},"end":{"line":344,"column":8}}]},"42":{"line":354,"type":"if","locations":[{"start":{"line":354,"column":12},"end":{"line":354,"column":12}},{"start":{"line":354,"column":12},"end":{"line":354,"column":12}}]},"43":{"line":356,"type":"if","locations":[{"start":{"line":356,"column":16},"end":{"line":356,"column":16}},{"start":{"line":356,"column":16},"end":{"line":356,"column":16}}]},"44":{"line":356,"type":"binary-expr","locations":[{"start":{"line":356,"column":23},"end":{"line":356,"column":38}},{"start":{"line":356,"column":42},"end":{"line":356,"column":57}},{"start":{"line":356,"column":63},"end":{"line":356,"column":78}},{"start":{"line":356,"column":82},"end":{"line":356,"column":98}}]},"45":{"line":363,"type":"if","locations":[{"start":{"line":363,"column":8},"end":{"line":363,"column":8}},{"start":{"line":363,"column":8},"end":{"line":363,"column":8}}]},"46":{"line":373,"type":"if","locations":[{"start":{"line":373,"column":12},"end":{"line":373,"column":12}},{"start":{"line":373,"column":12},"end":{"line":373,"column":12}}]},"47":{"line":374,"type":"if","locations":[{"start":{"line":374,"column":16},"end":{"line":374,"column":16}},{"start":{"line":374,"column":16},"end":{"line":374,"column":16}}]},"48":{"line":381,"type":"if","locations":[{"start":{"line":381,"column":8},"end":{"line":381,"column":8}},{"start":{"line":381,"column":8},"end":{"line":381,"column":8}}]},"49":{"line":396,"type":"if","locations":[{"start":{"line":396,"column":16},"end":{"line":396,"column":16}},{"start":{"line":396,"column":16},"end":{"line":396,"column":16}}]},"50":{"line":401,"type":"if","locations":[{"start":{"line":401,"column":12},"end":{"line":401,"column":12}},{"start":{"line":401,"column":12},"end":{"line":401,"column":12}}]},"51":{"line":405,"type":"if","locations":[{"start":{"line":405,"column":8},"end":{"line":405,"column":8}},{"start":{"line":405,"column":8},"end":{"line":405,"column":8}}]},"52":{"line":415,"type":"binary-expr","locations":[{"start":{"line":415,"column":18},"end":{"line":415,"column":25}},{"start":{"line":415,"column":29},"end":{"line":415,"column":31}}]},"53":{"line":416,"type":"if","locations":[{"start":{"line":416,"column":8},"end":{"line":416,"column":8}},{"start":{"line":416,"column":8},"end":{"line":416,"column":8}}]},"54":{"line":428,"type":"if","locations":[{"start":{"line":428,"column":16},"end":{"line":428,"column":16}},{"start":{"line":428,"column":16},"end":{"line":428,"column":16}}]},"55":{"line":429,"type":"if","locations":[{"start":{"line":429,"column":20},"end":{"line":429,"column":20}},{"start":{"line":429,"column":20},"end":{"line":429,"column":20}}]},"56":{"line":437,"type":"if","locations":[{"start":{"line":437,"column":8},"end":{"line":437,"column":8}},{"start":{"line":437,"column":8},"end":{"line":437,"column":8}}]},"57":{"line":448,"type":"if","locations":[{"start":{"line":448,"column":12},"end":{"line":448,"column":12}},{"start":{"line":448,"column":12},"end":{"line":448,"column":12}}]},"58":{"line":452,"type":"if","locations":[{"start":{"line":452,"column":8},"end":{"line":452,"column":8}},{"start":{"line":452,"column":8},"end":{"line":452,"column":8}}]},"59":{"line":463,"type":"if","locations":[{"start":{"line":463,"column":12},"end":{"line":463,"column":12}},{"start":{"line":463,"column":12},"end":{"line":463,"column":12}}]},"60":{"line":467,"type":"if","locations":[{"start":{"line":467,"column":8},"end":{"line":467,"column":8}},{"start":{"line":467,"column":8},"end":{"line":467,"column":8}}]},"61":{"line":480,"type":"if","locations":[{"start":{"line":480,"column":0},"end":{"line":480,"column":0}},{"start":{"line":480,"column":0},"end":{"line":480,"column":0}}]}},"l":{"1":1,"2":1,"3":1,"5":1,"6":1,"9":1,"12":2,"18":2,"24":1,"30":1,"36":0,"42":0,"48":0,"54":1,"60":0,"66":0,"72":0,"80":0,"88":1,"94":0,"100":0,"107":0,"108":0,"109":0,"112":0,"113":0,"114":0,"116":0,"121":41,"122":1,"124":40,"125":36,"127":40,"129":41,"132":21,"135":0,"138":2,"141":0,"144":3,"147":0,"150":15,"151":15,"153":15,"154":15,"156":15,"160":15,"161":15,"163":13,"164":13,"166":13,"167":0,"168":0,"170":0,"174":15,"175":15,"176":15,"178":0,"183":0,"184":0,"185":0,"188":0,"189":0,"190":0,"192":0,"197":5,"198":5,"199":2,"202":5,"203":1,"204":1,"206":4,"211":2,"212":2,"213":2,"216":2,"217":0,"218":0,"220":2,"225":0,"226":0,"227":0,"230":0,"231":0,"232":0,"234":0,"239":3,"240":3,"241":1,"244":3,"245":1,"246":1,"248":2,"253":3,"254":3,"255":1,"258":3,"259":1,"260":1,"262":2,"268":0,"269":0,"270":0,"271":0,"272":0,"275":0,"276":0,"277":0,"279":0,"284":0,"285":0,"286":0,"287":0,"288":0,"289":0,"291":0,"295":0,"296":0,"299":0,"300":0,"301":0,"304":0,"305":0,"306":0,"308":0,"313":0,"314":0,"315":0,"316":0,"318":0,"321":0,"322":0,"326":0,"327":0,"328":0,"330":0,"335":0,"336":0,"337":0,"338":0,"341":0,"344":0,"345":0,"346":0,"348":0,"353":0,"354":0,"355":0,"356":0,"357":0,"360":0,"363":0,"364":0,"365":0,"367":0,"372":0,"373":0,"374":0,"375":0,"378":0,"381":0,"382":0,"383":0,"385":0,"390":2,"391":2,"392":2,"393":10,"395":10,"396":10,"397":1,"400":2,"401":2,"402":1,"405":2,"406":1,"407":1,"409":1,"415":2,"416":2,"417":0,"420":2,"421":2,"422":4,"424":4,"425":4,"426":4,"428":4,"429":1,"430":1,"432":1,"435":1,"437":2,"438":0,"439":0,"441":2,"446":2,"447":2,"448":2,"449":1,"452":2,"453":1,"454":1,"456":1,"461":8,"462":8,"463":8,"464":0,"467":8,"468":0,"469":0,"471":8,"477":1,"478":1,"480":1,"481":1}}}
