TN:
SF:/Users/marcuslongmuir/Documents/workspace/FieldVal/fieldval-basicval-js/src/BasicVal.js
FN:11,(anonymous_1)
FN:17,(anonymous_2)
FN:23,(anonymous_3)
FN:29,(anonymous_4)
FN:35,(anonymous_5)
FN:41,(anonymous_6)
FN:47,(anonymous_7)
FN:53,(anonymous_8)
FN:59,(anonymous_9)
FN:65,(anonymous_10)
FN:71,(anonymous_11)
FN:79,(anonymous_12)
FN:87,(anonymous_13)
FN:93,(anonymous_14)
FN:99,(anonymous_15)
FN:106,(anonymous_16)
FN:107,(anonymous_17)
FN:120,(anonymous_18)
FN:131,(anonymous_19)
FN:134,(anonymous_20)
FN:137,(anonymous_21)
FN:140,(anonymous_22)
FN:143,(anonymous_23)
FN:146,(anonymous_24)
FN:149,(anonymous_25)
FN:151,(anonymous_26)
FN:182,(anonymous_27)
FN:183,(anonymous_28)
FN:196,(anonymous_29)
FN:197,(anonymous_30)
FN:210,(anonymous_31)
FN:211,(anonymous_32)
FN:224,(anonymous_33)
FN:225,(anonymous_34)
FN:238,(anonymous_35)
FN:239,(anonymous_36)
FN:252,(anonymous_37)
FN:253,(anonymous_38)
FN:266,(anonymous_39)
FN:268,(anonymous_40)
FN:283,(anonymous_41)
FN:299,(anonymous_42)
FN:312,(anonymous_43)
FN:313,(anonymous_44)
FN:334,(anonymous_45)
FN:335,(anonymous_46)
FN:352,(anonymous_47)
FN:353,(anonymous_48)
FN:371,(anonymous_49)
FN:372,(anonymous_50)
FN:389,(anonymous_51)
FN:390,(anonymous_52)
FN:413,(anonymous_53)
FN:420,(anonymous_54)
FN:425,(anonymous_55)
FN:445,(anonymous_56)
FN:446,(anonymous_57)
FN:460,(anonymous_58)
FN:461,(anonymous_59)
FNF:59
FNH:29
FNDA:2,(anonymous_1)
FNDA:2,(anonymous_2)
FNDA:1,(anonymous_3)
FNDA:1,(anonymous_4)
FNDA:0,(anonymous_5)
FNDA:0,(anonymous_6)
FNDA:0,(anonymous_7)
FNDA:1,(anonymous_8)
FNDA:0,(anonymous_9)
FNDA:0,(anonymous_10)
FNDA:0,(anonymous_11)
FNDA:0,(anonymous_12)
FNDA:1,(anonymous_13)
FNDA:0,(anonymous_14)
FNDA:0,(anonymous_15)
FNDA:0,(anonymous_16)
FNDA:0,(anonymous_17)
FNDA:41,(anonymous_18)
FNDA:21,(anonymous_19)
FNDA:0,(anonymous_20)
FNDA:2,(anonymous_21)
FNDA:0,(anonymous_22)
FNDA:3,(anonymous_23)
FNDA:0,(anonymous_24)
FNDA:15,(anonymous_25)
FNDA:15,(anonymous_26)
FNDA:0,(anonymous_27)
FNDA:0,(anonymous_28)
FNDA:5,(anonymous_29)
FNDA:5,(anonymous_30)
FNDA:2,(anonymous_31)
FNDA:2,(anonymous_32)
FNDA:0,(anonymous_33)
FNDA:0,(anonymous_34)
FNDA:3,(anonymous_35)
FNDA:3,(anonymous_36)
FNDA:3,(anonymous_37)
FNDA:3,(anonymous_38)
FNDA:0,(anonymous_39)
FNDA:0,(anonymous_40)
FNDA:0,(anonymous_41)
FNDA:0,(anonymous_42)
FNDA:0,(anonymous_43)
FNDA:0,(anonymous_44)
FNDA:0,(anonymous_45)
FNDA:0,(anonymous_46)
FNDA:0,(anonymous_47)
FNDA:0,(anonymous_48)
FNDA:0,(anonymous_49)
FNDA:0,(anonymous_50)
FNDA:2,(anonymous_51)
FNDA:2,(anonymous_52)
FNDA:2,(anonymous_53)
FNDA:2,(anonymous_54)
FNDA:4,(anonymous_55)
FNDA:2,(anonymous_56)
FNDA:2,(anonymous_57)
FNDA:8,(anonymous_58)
FNDA:8,(anonymous_59)
DA:1,1
DA:2,1
DA:3,1
DA:5,1
DA:6,1
DA:9,1
DA:12,2
DA:18,2
DA:24,1
DA:30,1
DA:36,0
DA:42,0
DA:48,0
DA:54,1
DA:60,0
DA:66,0
DA:72,0
DA:80,0
DA:88,1
DA:94,0
DA:100,0
DA:107,0
DA:108,0
DA:109,0
DA:112,0
DA:113,0
DA:114,0
DA:116,0
DA:121,41
DA:122,1
DA:124,40
DA:125,36
DA:127,40
DA:129,41
DA:132,21
DA:135,0
DA:138,2
DA:141,0
DA:144,3
DA:147,0
DA:150,15
DA:151,15
DA:153,15
DA:154,15
DA:156,15
DA:160,15
DA:161,15
DA:163,13
DA:164,13
DA:166,13
DA:167,0
DA:168,0
DA:170,0
DA:174,15
DA:175,15
DA:176,15
DA:178,0
DA:183,0
DA:184,0
DA:185,0
DA:188,0
DA:189,0
DA:190,0
DA:192,0
DA:197,5
DA:198,5
DA:199,2
DA:202,5
DA:203,1
DA:204,1
DA:206,4
DA:211,2
DA:212,2
DA:213,2
DA:216,2
DA:217,0
DA:218,0
DA:220,2
DA:225,0
DA:226,0
DA:227,0
DA:230,0
DA:231,0
DA:232,0
DA:234,0
DA:239,3
DA:240,3
DA:241,1
DA:244,3
DA:245,1
DA:246,1
DA:248,2
DA:253,3
DA:254,3
DA:255,1
DA:258,3
DA:259,1
DA:260,1
DA:262,2
DA:268,0
DA:269,0
DA:270,0
DA:271,0
DA:272,0
DA:275,0
DA:276,0
DA:277,0
DA:279,0
DA:284,0
DA:285,0
DA:286,0
DA:287,0
DA:288,0
DA:289,0
DA:291,0
DA:295,0
DA:296,0
DA:299,0
DA:300,0
DA:301,0
DA:304,0
DA:305,0
DA:306,0
DA:308,0
DA:313,0
DA:314,0
DA:315,0
DA:316,0
DA:318,0
DA:321,0
DA:322,0
DA:326,0
DA:327,0
DA:328,0
DA:330,0
DA:335,0
DA:336,0
DA:337,0
DA:338,0
DA:341,0
DA:344,0
DA:345,0
DA:346,0
DA:348,0
DA:353,0
DA:354,0
DA:355,0
DA:356,0
DA:357,0
DA:360,0
DA:363,0
DA:364,0
DA:365,0
DA:367,0
DA:372,0
DA:373,0
DA:374,0
DA:375,0
DA:378,0
DA:381,0
DA:382,0
DA:383,0
DA:385,0
DA:390,2
DA:391,2
DA:392,2
DA:393,10
DA:395,10
DA:396,10
DA:397,1
DA:400,2
DA:401,2
DA:402,1
DA:405,2
DA:406,1
DA:407,1
DA:409,1
DA:415,2
DA:416,2
DA:417,0
DA:420,2
DA:421,2
DA:422,4
DA:424,4
DA:425,4
DA:426,4
DA:428,4
DA:429,1
DA:430,1
DA:432,1
DA:435,1
DA:437,2
DA:438,0
DA:439,0
DA:441,2
DA:446,2
DA:447,2
DA:448,2
DA:449,1
DA:452,2
DA:453,1
DA:454,1
DA:456,1
DA:461,8
DA:462,8
DA:463,8
DA:464,0
DA:467,8
DA:468,0
DA:469,0
DA:471,8
DA:477,1
DA:478,1
DA:480,1
DA:481,1
LF:215
LH:106
BRDA:2,1,0,1
BRDA:2,1,1,0
BRDA:5,2,0,1
BRDA:5,2,1,0
BRDA:108,3,0,0
BRDA:108,3,1,0
BRDA:112,4,0,0
BRDA:112,4,1,0
BRDA:121,5,0,1
BRDA:121,5,1,40
BRDA:124,6,0,36
BRDA:124,6,1,4
BRDA:154,7,0,15
BRDA:154,7,1,0
BRDA:161,8,0,2
BRDA:161,8,1,13
BRDA:163,9,0,13
BRDA:163,9,1,0
BRDA:163,10,0,13
BRDA:163,10,1,13
BRDA:166,11,0,0
BRDA:166,11,1,13
BRDA:167,12,0,0
BRDA:167,12,1,0
BRDA:167,13,0,0
BRDA:167,13,1,0
BRDA:174,14,0,15
BRDA:174,14,1,0
BRDA:184,15,0,0
BRDA:184,15,1,0
BRDA:188,16,0,0
BRDA:188,16,1,0
BRDA:198,17,0,2
BRDA:198,17,1,3
BRDA:202,18,0,1
BRDA:202,18,1,4
BRDA:212,19,0,2
BRDA:212,19,1,0
BRDA:216,20,0,0
BRDA:216,20,1,2
BRDA:226,21,0,0
BRDA:226,21,1,0
BRDA:230,22,0,0
BRDA:230,22,1,0
BRDA:240,23,0,1
BRDA:240,23,1,2
BRDA:244,24,0,1
BRDA:244,24,1,2
BRDA:254,25,0,1
BRDA:254,25,1,2
BRDA:258,26,0,1
BRDA:258,26,1,2
BRDA:269,27,0,0
BRDA:269,27,1,0
BRDA:271,28,0,0
BRDA:271,28,1,0
BRDA:275,29,0,0
BRDA:275,29,1,0
BRDA:285,30,0,0
BRDA:285,30,1,0
BRDA:288,31,0,0
BRDA:288,31,1,0
BRDA:300,32,0,0
BRDA:300,32,1,0
BRDA:304,33,0,0
BRDA:304,33,1,0
BRDA:314,34,0,0
BRDA:314,34,1,0
BRDA:315,35,0,0
BRDA:315,35,1,0
BRDA:316,36,0,0
BRDA:316,36,1,0
BRDA:321,37,0,0
BRDA:321,37,1,0
BRDA:326,38,0,0
BRDA:326,38,1,0
BRDA:336,39,0,0
BRDA:336,39,1,0
BRDA:337,40,0,0
BRDA:337,40,1,0
BRDA:344,41,0,0
BRDA:344,41,1,0
BRDA:354,42,0,0
BRDA:354,42,1,0
BRDA:356,43,0,0
BRDA:356,43,1,0
BRDA:356,44,0,0
BRDA:356,44,1,0
BRDA:356,44,2,0
BRDA:356,44,3,0
BRDA:363,45,0,0
BRDA:363,45,1,0
BRDA:373,46,0,0
BRDA:373,46,1,0
BRDA:374,47,0,0
BRDA:374,47,1,0
BRDA:381,48,0,0
BRDA:381,48,1,0
BRDA:396,49,0,1
BRDA:396,49,1,9
BRDA:401,50,0,1
BRDA:401,50,1,1
BRDA:405,51,0,1
BRDA:405,51,1,1
BRDA:415,52,0,2
BRDA:415,52,1,0
BRDA:416,53,0,0
BRDA:416,53,1,2
BRDA:428,54,0,1
BRDA:428,54,1,3
BRDA:429,55,0,1
BRDA:429,55,1,0
BRDA:437,56,0,0
BRDA:437,56,1,2
BRDA:448,57,0,1
BRDA:448,57,1,1
BRDA:452,58,0,1
BRDA:452,58,1,1
BRDA:463,59,0,0
BRDA:463,59,1,8
BRDA:467,60,0,0
BRDA:467,60,1,8
BRDA:480,61,0,1
BRDA:480,61,1,0
BRF:124
BRH:47
end_of_record
