TN:
SF:/Users/marcuslongmuir/Documents/workspace/FieldVal/fieldval-basicval-js/src/BasicVal.js
FN:13,(anonymous_1)
FN:19,(anonymous_2)
FN:25,(anonymous_3)
FN:31,(anonymous_4)
FN:37,(anonymous_5)
FN:43,(anonymous_6)
FN:49,(anonymous_7)
FN:55,(anonymous_8)
FN:61,(anonymous_9)
FN:67,(anonymous_10)
FN:73,(anonymous_11)
FN:81,(anonymous_12)
FN:89,(anonymous_13)
FN:95,(anonymous_14)
FN:101,(anonymous_15)
FN:108,(anonymous_16)
FN:109,(anonymous_17)
FN:122,(anonymous_18)
FN:133,(anonymous_19)
FN:136,(anonymous_20)
FN:139,(anonymous_21)
FN:142,(anonymous_22)
FN:145,(anonymous_23)
FN:148,(anonymous_24)
FN:151,(anonymous_25)
FN:153,(anonymous_26)
FN:184,(anonymous_27)
FN:185,(anonymous_28)
FN:198,(anonymous_29)
FN:199,(anonymous_30)
FN:212,(anonymous_31)
FN:213,(anonymous_32)
FN:226,(anonymous_33)
FN:227,(anonymous_34)
FN:240,(anonymous_35)
FN:241,(anonymous_36)
FN:254,(anonymous_37)
FN:255,(anonymous_38)
FN:268,(anonymous_39)
FN:270,(anonymous_40)
FN:285,(anonymous_41)
FN:301,(anonymous_42)
FN:314,(anonymous_43)
FN:315,(anonymous_44)
FN:336,(anonymous_45)
FN:337,(anonymous_46)
FN:354,(anonymous_47)
FN:355,(anonymous_48)
FN:373,(anonymous_49)
FN:374,(anonymous_50)
FN:391,(anonymous_51)
FN:392,(anonymous_52)
FN:415,(anonymous_53)
FN:423,(anonymous_54)
FN:425,(anonymous_55)
FN:447,(anonymous_56)
FN:448,(anonymous_57)
FN:462,(anonymous_58)
FN:463,(anonymous_59)
FNF:59
FNH:29
FNDA:2,(anonymous_1)
FNDA:2,(anonymous_2)
FNDA:1,(anonymous_3)
FNDA:1,(anonymous_4)
FNDA:0,(anonymous_5)
FNDA:0,(anonymous_6)
FNDA:0,(anonymous_7)
FNDA:1,(anonymous_8)
FNDA:0,(anonymous_9)
FNDA:0,(anonymous_10)
FNDA:0,(anonymous_11)
FNDA:0,(anonymous_12)
FNDA:1,(anonymous_13)
FNDA:0,(anonymous_14)
FNDA:0,(anonymous_15)
FNDA:0,(anonymous_16)
FNDA:0,(anonymous_17)
FNDA:41,(anonymous_18)
FNDA:21,(anonymous_19)
FNDA:0,(anonymous_20)
FNDA:2,(anonymous_21)
FNDA:0,(anonymous_22)
FNDA:3,(anonymous_23)
FNDA:0,(anonymous_24)
FNDA:15,(anonymous_25)
FNDA:15,(anonymous_26)
FNDA:0,(anonymous_27)
FNDA:0,(anonymous_28)
FNDA:5,(anonymous_29)
FNDA:5,(anonymous_30)
FNDA:2,(anonymous_31)
FNDA:2,(anonymous_32)
FNDA:0,(anonymous_33)
FNDA:0,(anonymous_34)
FNDA:3,(anonymous_35)
FNDA:3,(anonymous_36)
FNDA:3,(anonymous_37)
FNDA:3,(anonymous_38)
FNDA:0,(anonymous_39)
FNDA:0,(anonymous_40)
FNDA:0,(anonymous_41)
FNDA:0,(anonymous_42)
FNDA:0,(anonymous_43)
FNDA:0,(anonymous_44)
FNDA:0,(anonymous_45)
FNDA:0,(anonymous_46)
FNDA:0,(anonymous_47)
FNDA:0,(anonymous_48)
FNDA:0,(anonymous_49)
FNDA:0,(anonymous_50)
FNDA:2,(anonymous_51)
FNDA:2,(anonymous_52)
FNDA:2,(anonymous_53)
FNDA:2,(anonymous_54)
FNDA:4,(anonymous_55)
FNDA:2,(anonymous_56)
FNDA:2,(anonymous_57)
FNDA:8,(anonymous_58)
FNDA:8,(anonymous_59)
DA:7,1
DA:8,1
DA:11,1
DA:14,2
DA:20,2
DA:26,1
DA:32,1
DA:38,0
DA:44,0
DA:50,0
DA:56,1
DA:62,0
DA:68,0
DA:74,0
DA:82,0
DA:90,1
DA:96,0
DA:102,0
DA:109,0
DA:110,0
DA:111,0
DA:114,0
DA:115,0
DA:116,0
DA:118,0
DA:123,41
DA:124,1
DA:126,40
DA:127,36
DA:129,40
DA:131,41
DA:134,21
DA:137,0
DA:140,2
DA:143,0
DA:146,3
DA:149,0
DA:152,15
DA:153,15
DA:155,15
DA:156,15
DA:158,15
DA:162,15
DA:163,15
DA:165,13
DA:166,13
DA:168,13
DA:169,0
DA:170,0
DA:172,0
DA:176,15
DA:177,15
DA:178,15
DA:180,0
DA:185,0
DA:186,0
DA:187,0
DA:190,0
DA:191,0
DA:192,0
DA:194,0
DA:199,5
DA:200,5
DA:201,2
DA:204,5
DA:205,1
DA:206,1
DA:208,4
DA:213,2
DA:214,2
DA:215,2
DA:218,2
DA:219,0
DA:220,0
DA:222,2
DA:227,0
DA:228,0
DA:229,0
DA:232,0
DA:233,0
DA:234,0
DA:236,0
DA:241,3
DA:242,3
DA:243,1
DA:246,3
DA:247,1
DA:248,1
DA:250,2
DA:255,3
DA:256,3
DA:257,1
DA:260,3
DA:261,1
DA:262,1
DA:264,2
DA:270,0
DA:271,0
DA:272,0
DA:273,0
DA:274,0
DA:277,0
DA:278,0
DA:279,0
DA:281,0
DA:286,0
DA:287,0
DA:288,0
DA:289,0
DA:290,0
DA:291,0
DA:293,0
DA:297,0
DA:298,0
DA:301,0
DA:302,0
DA:303,0
DA:306,0
DA:307,0
DA:308,0
DA:310,0
DA:315,0
DA:316,0
DA:317,0
DA:318,0
DA:320,0
DA:323,0
DA:324,0
DA:328,0
DA:329,0
DA:330,0
DA:332,0
DA:337,0
DA:338,0
DA:339,0
DA:340,0
DA:343,0
DA:346,0
DA:347,0
DA:348,0
DA:350,0
DA:355,0
DA:356,0
DA:357,0
DA:358,0
DA:359,0
DA:362,0
DA:365,0
DA:366,0
DA:367,0
DA:369,0
DA:374,0
DA:375,0
DA:376,0
DA:377,0
DA:380,0
DA:383,0
DA:384,0
DA:385,0
DA:387,0
DA:392,2
DA:393,2
DA:394,2
DA:395,10
DA:397,10
DA:398,10
DA:399,1
DA:402,2
DA:403,2
DA:404,2
DA:407,2
DA:408,1
DA:409,1
DA:411,1
DA:417,2
DA:418,2
DA:419,0
DA:420,0
DA:423,2
DA:424,2
DA:425,2
DA:426,4
DA:428,2
DA:429,4
DA:431,4
DA:432,4
DA:433,1
DA:434,1
DA:437,1
DA:439,2
DA:440,0
DA:441,0
DA:443,2
DA:448,2
DA:449,2
DA:450,2
DA:451,1
DA:454,2
DA:455,1
DA:456,1
DA:458,1
DA:463,8
DA:464,8
DA:465,8
DA:466,0
DA:469,8
DA:470,0
DA:471,0
DA:473,8
DA:479,1
DA:480,1
DA:482,1
DA:483,1
LF:213
LH:103
BRDA:7,1,0,1
BRDA:7,1,1,0
BRDA:110,2,0,0
BRDA:110,2,1,0
BRDA:114,3,0,0
BRDA:114,3,1,0
BRDA:123,4,0,1
BRDA:123,4,1,40
BRDA:126,5,0,36
BRDA:126,5,1,4
BRDA:156,6,0,15
BRDA:156,6,1,0
BRDA:163,7,0,2
BRDA:163,7,1,13
BRDA:165,8,0,13
BRDA:165,8,1,0
BRDA:165,9,0,13
BRDA:165,9,1,13
BRDA:168,10,0,0
BRDA:168,10,1,13
BRDA:169,11,0,0
BRDA:169,11,1,0
BRDA:169,12,0,0
BRDA:169,12,1,0
BRDA:176,13,0,15
BRDA:176,13,1,0
BRDA:186,14,0,0
BRDA:186,14,1,0
BRDA:190,15,0,0
BRDA:190,15,1,0
BRDA:200,16,0,2
BRDA:200,16,1,3
BRDA:204,17,0,1
BRDA:204,17,1,4
BRDA:214,18,0,2
BRDA:214,18,1,0
BRDA:218,19,0,0
BRDA:218,19,1,2
BRDA:228,20,0,0
BRDA:228,20,1,0
BRDA:232,21,0,0
BRDA:232,21,1,0
BRDA:242,22,0,1
BRDA:242,22,1,2
BRDA:246,23,0,1
BRDA:246,23,1,2
BRDA:256,24,0,1
BRDA:256,24,1,2
BRDA:260,25,0,1
BRDA:260,25,1,2
BRDA:271,26,0,0
BRDA:271,26,1,0
BRDA:273,27,0,0
BRDA:273,27,1,0
BRDA:277,28,0,0
BRDA:277,28,1,0
BRDA:287,29,0,0
BRDA:287,29,1,0
BRDA:290,30,0,0
BRDA:290,30,1,0
BRDA:302,31,0,0
BRDA:302,31,1,0
BRDA:306,32,0,0
BRDA:306,32,1,0
BRDA:316,33,0,0
BRDA:316,33,1,0
BRDA:317,34,0,0
BRDA:317,34,1,0
BRDA:318,35,0,0
BRDA:318,35,1,0
BRDA:323,36,0,0
BRDA:323,36,1,0
BRDA:328,37,0,0
BRDA:328,37,1,0
BRDA:338,38,0,0
BRDA:338,38,1,0
BRDA:339,39,0,0
BRDA:339,39,1,0
BRDA:346,40,0,0
BRDA:346,40,1,0
BRDA:356,41,0,0
BRDA:356,41,1,0
BRDA:358,42,0,0
BRDA:358,42,1,0
BRDA:358,43,0,0
BRDA:358,43,1,0
BRDA:358,43,2,0
BRDA:358,43,3,0
BRDA:365,44,0,0
BRDA:365,44,1,0
BRDA:375,45,0,0
BRDA:375,45,1,0
BRDA:376,46,0,0
BRDA:376,46,1,0
BRDA:383,47,0,0
BRDA:383,47,1,0
BRDA:398,48,0,1
BRDA:398,48,1,9
BRDA:403,49,0,2
BRDA:403,49,1,0
BRDA:407,50,0,1
BRDA:407,50,1,1
BRDA:417,51,0,2
BRDA:417,51,1,0
BRDA:418,52,0,0
BRDA:418,52,1,2
BRDA:432,53,0,1
BRDA:432,53,1,3
BRDA:439,54,0,0
BRDA:439,54,1,2
BRDA:450,55,0,1
BRDA:450,55,1,1
BRDA:454,56,0,1
BRDA:454,56,1,1
BRDA:465,57,0,0
BRDA:465,57,1,8
BRDA:469,58,0,0
BRDA:469,58,1,8
BRDA:482,59,0,1
BRDA:482,59,1,0
BRF:120
BRH:44
end_of_record
